{"name": "test_add_invalid_certificate", "status": "failed", "statusDetails": {"message": "AssertionError: Expected error message not found, got Sadece image/jpeg, image/png, application/pdf yükleyebilirsiniz", "trace": "self = <test_certificate_crud.TestCertificateCRUD object at 0x00000279068EC050>\n\n    def test_add_invalid_certificate(self):\n        self.page.login(const.valid_user_name, const.valid_password)\n        WebDriverWait(self.driver, 20).until(EC.url_changes(const.loginURL))\n    \n        self.page.navigate_to_certificates(const.certificatesURL)\n        WebDriverWait(self.driver, 20).until(EC.url_contains(\"sertifikalarim\"))\n    \n>       self.page.verify_invalid_certificate_error(const.certificateName, const.certificateYear, const.invalidCertificate)\n\ntests\\test_certificate_crud.py:38: \n_ _ _ _ _ _ _ _ _ _ _ _ _ _ _ _ _ _ _ _ _ _ _ _ _ _ _ _ _ _ _ _ _ _ _ _ _ _ _ _\n\nself = <pages.page_certificate_crud.PageCertificateCRUD object at 0x00000279067E8920>\ncertificate_name = 'certificate1', year = '2024'\npdf_path = 'C:\\\\Users\\\\Miray\\\\Downloads\\\\TobetoTest-3A\\\\Jira.csv'\n\n    def verify_invalid_certificate_error(self, certificate_name, year, pdf_path):\n        self.certificate_name_input = self.driver.find_element(By.NAME, \"CertificateName\")\n        self.certificate_name_input.send_keys(certificate_name, Keys.TAB)\n    \n        WebDriverWait(self.driver, 20).until(\n            EC.visibility_of_element_located((By.CLASS_NAME, \"react-datepicker__year-text\"))\n        )\n        self.year_element = self.driver.find_element(By.XPATH, f\"//div[contains(@class, 'react-datepicker__year-text') and text()='{year}']\")\n        self.year_element.click()\n    \n        self.file_input = self.driver.find_element(By.XPATH, \"//input[@class='uppy-Dashboard-input' and not(@webkitdirectory)]\")\n        self.file_input.send_keys(pdf_path)\n    \n        informer_xpath = \"//div[@class='uppy-Informer-animated']/p\"\n        error_element = WebDriverWait(self.driver, 10).until(\n            EC.visibility_of_element_located((By.XPATH, informer_xpath))\n        )\n        # self.driver.find_element(By.XPATH, informer_xpath)\n>       assert \"Sadece image/jpeg, image/png, application/pdf yükleyebilirsiniz \" in error_element.text, f\"Expected error message not found, got {error_element.text}\"\nE       AssertionError: Expected error message not found, got Sadece image/jpeg, image/png, application/pdf yükleyebilirsiniz\n\npages\\page_certificate_crud.py:90: AssertionError"}, "start": 1718482463522, "stop": 1718482480725, "uuid": "ac5be7cd-e5dc-4266-a5a6-ec262a616c37", "historyId": "9f5061e4836c665dd1399ab176e85f4e", "testCaseId": "9f5061e4836c665dd1399ab176e85f4e", "fullName": "tests.test_certificate_crud.TestCertificateCRUD#test_add_invalid_certificate", "labels": [{"name": "parentSuite", "value": "tests"}, {"name": "suite", "value": "test_certificate_crud"}, {"name": "subSuite", "value": "TestCertificateCRUD"}, {"name": "host", "value": "chiturca"}, {"name": "thread", "value": "1036-MainThread"}, {"name": "framework", "value": "pytest"}, {"name": "language", "value": "cpython3"}, {"name": "package", "value": "tests.test_certificate_crud"}]}