{"name": "test_add_certificate", "status": "broken", "statusDetails": {"message": "selenium.common.exceptions.NoSuchElementException: Message: no such element: Unable to locate element: {\"method\":\"css selector\",\"selector\":\".btn btn-primary py-2 mx-auto mb-3 mt-3 d-inline-block mobil-btn\"}\n  (Session info: chrome=125.0.6422.176); For documentation on this error, please visit: https://www.selenium.dev/documentation/webdriver/troubleshooting/errors#no-such-element-exception\nStacktrace:\n\tGetHandleVerifier [0x00007FF6E0671F52+60322]\n\t(No symbol) [0x00007FF6E05ECEC9]\n\t(No symbol) [0x00007FF6E04A7EBA]\n\t(No symbol) [0x00007FF6E04F7676]\n\t(No symbol) [0x00007FF6E04F773C]\n\t(No symbol) [0x00007FF6E053E967]\n\t(No symbol) [0x00007FF6E051C25F]\n\t(No symbol) [0x00007FF6E053BC80]\n\t(No symbol) [0x00007FF6E051BFC3]\n\t(No symbol) [0x00007FF6E04E9617]\n\t(No symbol) [0x00007FF6E04EA211]\n\tGetHandleVerifier [0x00007FF6E09894AD+3301629]\n\tGetHandleVerifier [0x00007FF6E09D36D3+3605283]\n\tGetHandleVerifier [0x00007FF6E09C9450+3563680]\n\tGetHandleVerifier [0x00007FF6E0724326+790390]\n\t(No symbol) [0x00007FF6E05F750F]\n\t(No symbol) [0x00007FF6E05F3404]\n\t(No symbol) [0x00007FF6E05F3592]\n\t(No symbol) [0x00007FF6E05E2F9F]\n\tBaseThreadInitThunk [0x00007FFC12F6257D+29]\n\tRtlUserThreadStart [0x00007FFC1436AF28+40]", "trace": "self = <test_certificate_crud.TestCertificateCRUD object at 0x0000017E6A642750>\nflag = False\n\n    def test_add_certificate(self, flag=False):\n        self.page.home()\n        self.page.user_name.send_keys(const.valid_user_name)\n        self.page.password.send_keys(const.valid_password)\n        self.driver.execute_script(\"window.scrollTo(0, 300);\")\n        sleep(30)\n        login_button = self.driver.find_element(By.XPATH, \"//button[@type='submit']\")\n        self.driver.execute_script(\"arguments[0].click();\", login_button)\n        WebDriverWait(self.driver, 20).until(EC.url_changes(\"https://tobeto.com/giris\"))\n        certificates = self.driver.get(\"https://tobeto.com/profilim/profilimi-duzenle/sertifikalarim\")\n        WebDriverWait(self.driver, 20).until(EC.url_changes(certificates))\n        name = self.driver.find_element(By.NAME, \"CertificateName\")\n        name.send_keys(const.certificateName, Keys.TAB)\n        WebDriverWait(self.driver, 20).until(\n            EC.visibility_of_element_located((By.CLASS_NAME, \"react-datepicker__year-text\"))\n        )\n        year_element = self.driver.find_element(By.XPATH, \"//div[contains(@class, 'react-datepicker__year-text') and text()='2023']\")\n        year_element.click()\n        file_input = self.driver.find_element(By.XPATH, \"//input[@class='uppy-Dashboard-input' and not(@webkitdirectory)]\")\n        file_input.send_keys(const.PDF)\n        uploaded_file_name_xpath = \"//p[contains(text(), 'Python_Essentials_1_Badge20240523-8-9tn7xa.pdf')]\"\n        WebDriverWait(self.driver, 60).until(\n            EC.presence_of_element_located((By.XPATH, uploaded_file_name_xpath))\n        )\n>       btn = self.driver.find_element(By.CLASS_NAME, \"btn btn-primary py-2 mx-auto mb-3 mt-3 d-inline-block mobil-btn\")\n\ntests\\test_certificate_crud.py:44: \n_ _ _ _ _ _ _ _ _ _ _ _ _ _ _ _ _ _ _ _ _ _ _ _ _ _ _ _ _ _ _ _ _ _ _ _ _ _ _ _\n..\\..\\..\\AppData\\Local\\Programs\\Python\\Python312\\Lib\\site-packages\\selenium\\webdriver\\remote\\webdriver.py:741: in find_element\n    return self.execute(Command.FIND_ELEMENT, {\"using\": by, \"value\": value})[\"value\"]\n..\\..\\..\\AppData\\Local\\Programs\\Python\\Python312\\Lib\\site-packages\\selenium\\webdriver\\remote\\webdriver.py:347: in execute\n    self.error_handler.check_response(response)\n_ _ _ _ _ _ _ _ _ _ _ _ _ _ _ _ _ _ _ _ _ _ _ _ _ _ _ _ _ _ _ _ _ _ _ _ _ _ _ _\n\nself = <selenium.webdriver.remote.errorhandler.ErrorHandler object at 0x0000017E68A9BF80>\nresponse = {'status': 404, 'value': '{\"value\":{\"error\":\"no such element\",\"message\":\"no such element: Unable to locate element: {\\...07FF6E05E2F9F]\\\\n\\\\tBaseThreadInitThunk [0x00007FFC12F6257D+29]\\\\n\\\\tRtlUserThreadStart [0x00007FFC1436AF28+40]\\\\n\"}}'}\n\n    def check_response(self, response: Dict[str, Any]) -> None:\n        \"\"\"Checks that a JSON response from the WebDriver does not have an\n        error.\n    \n        :Args:\n         - response - The JSON response from the WebDriver server as a dictionary\n           object.\n    \n        :Raises: If the response contains an error message.\n        \"\"\"\n        status = response.get(\"status\", None)\n        if not status or status == ErrorCode.SUCCESS:\n            return\n        value = None\n        message = response.get(\"message\", \"\")\n        screen: str = response.get(\"screen\", \"\")\n        stacktrace = None\n        if isinstance(status, int):\n            value_json = response.get(\"value\", None)\n            if value_json and isinstance(value_json, str):\n                import json\n    \n                try:\n                    value = json.loads(value_json)\n                    if len(value) == 1:\n                        value = value[\"value\"]\n                    status = value.get(\"error\", None)\n                    if not status:\n                        status = value.get(\"status\", ErrorCode.UNKNOWN_ERROR)\n                        message = value.get(\"value\") or value.get(\"message\")\n                        if not isinstance(message, str):\n                            value = message\n                            message = message.get(\"message\")\n                    else:\n                        message = value.get(\"message\", None)\n                except ValueError:\n                    pass\n    \n        exception_class: Type[WebDriverException]\n        e = ErrorCode()\n        error_codes = [item for item in dir(e) if not item.startswith(\"__\")]\n        for error_code in error_codes:\n            error_info = getattr(ErrorCode, error_code)\n            if isinstance(error_info, list) and status in error_info:\n                exception_class = getattr(ExceptionMapping, error_code, WebDriverException)\n                break\n        else:\n            exception_class = WebDriverException\n    \n        if not value:\n            value = response[\"value\"]\n        if isinstance(value, str):\n            raise exception_class(value)\n        if message == \"\" and \"message\" in value:\n            message = value[\"message\"]\n    \n        screen = None  # type: ignore[assignment]\n        if \"screen\" in value:\n            screen = value[\"screen\"]\n    \n        stacktrace = None\n        st_value = value.get(\"stackTrace\") or value.get(\"stacktrace\")\n        if st_value:\n            if isinstance(st_value, str):\n                stacktrace = st_value.split(\"\\n\")\n            else:\n                stacktrace = []\n                try:\n                    for frame in st_value:\n                        line = frame.get(\"lineNumber\", \"\")\n                        file = frame.get(\"fileName\", \"<anonymous>\")\n                        if line:\n                            file = f\"{file}:{line}\"\n                        meth = frame.get(\"methodName\", \"<anonymous>\")\n                        if \"className\" in frame:\n                            meth = f\"{frame['className']}.{meth}\"\n                        msg = \"    at %s (%s)\"\n                        msg = msg % (meth, file)\n                        stacktrace.append(msg)\n                except TypeError:\n                    pass\n        if exception_class == UnexpectedAlertPresentException:\n            alert_text = None\n            if \"data\" in value:\n                alert_text = value[\"data\"].get(\"text\")\n            elif \"alert\" in value:\n                alert_text = value[\"alert\"].get(\"text\")\n            raise exception_class(message, screen, stacktrace, alert_text)  # type: ignore[call-arg]  # mypy is not smart enough here\n>       raise exception_class(message, screen, stacktrace)\nE       selenium.common.exceptions.NoSuchElementException: Message: no such element: Unable to locate element: {\"method\":\"css selector\",\"selector\":\".btn btn-primary py-2 mx-auto mb-3 mt-3 d-inline-block mobil-btn\"}\nE         (Session info: chrome=125.0.6422.176); For documentation on this error, please visit: https://www.selenium.dev/documentation/webdriver/troubleshooting/errors#no-such-element-exception\nE       Stacktrace:\nE       \tGetHandleVerifier [0x00007FF6E0671F52+60322]\nE       \t(No symbol) [0x00007FF6E05ECEC9]\nE       \t(No symbol) [0x00007FF6E04A7EBA]\nE       \t(No symbol) [0x00007FF6E04F7676]\nE       \t(No symbol) [0x00007FF6E04F773C]\nE       \t(No symbol) [0x00007FF6E053E967]\nE       \t(No symbol) [0x00007FF6E051C25F]\nE       \t(No symbol) [0x00007FF6E053BC80]\nE       \t(No symbol) [0x00007FF6E051BFC3]\nE       \t(No symbol) [0x00007FF6E04E9617]\nE       \t(No symbol) [0x00007FF6E04EA211]\nE       \tGetHandleVerifier [0x00007FF6E09894AD+3301629]\nE       \tGetHandleVerifier [0x00007FF6E09D36D3+3605283]\nE       \tGetHandleVerifier [0x00007FF6E09C9450+3563680]\nE       \tGetHandleVerifier [0x00007FF6E0724326+790390]\nE       \t(No symbol) [0x00007FF6E05F750F]\nE       \t(No symbol) [0x00007FF6E05F3404]\nE       \t(No symbol) [0x00007FF6E05F3592]\nE       \t(No symbol) [0x00007FF6E05E2F9F]\nE       \tBaseThreadInitThunk [0x00007FFC12F6257D+29]\nE       \tRtlUserThreadStart [0x00007FFC1436AF28+40]\n\n..\\..\\..\\AppData\\Local\\Programs\\Python\\Python312\\Lib\\site-packages\\selenium\\webdriver\\remote\\errorhandler.py:229: NoSuchElementException"}, "start": 1718400614329, "stop": 1718400661606, "uuid": "b32ab129-d650-4b42-9a86-46f7bf19eeac", "historyId": "4733ab432abe63f71abdf02f2db86c61", "testCaseId": "4733ab432abe63f71abdf02f2db86c61", "fullName": "tests.test_certificate_crud.TestCertificateCRUD#test_add_certificate", "labels": [{"name": "parentSuite", "value": "tests"}, {"name": "suite", "value": "test_certificate_crud"}, {"name": "subSuite", "value": "TestCertificateCRUD"}, {"name": "host", "value": "chiturca"}, {"name": "thread", "value": "10792-MainThread"}, {"name": "framework", "value": "pytest"}, {"name": "language", "value": "cpython3"}, {"name": "package", "value": "tests.test_certificate_crud"}]}