{"name": "test_add_invalid_certificate", "status": "broken", "statusDetails": {"message": "selenium.common.exceptions.TimeoutException: Message: \nStacktrace:\n\tGetHandleVerifier [0x00007FF6C9061F52+60322]\n\t(No symbol) [0x00007FF6C8FDCEC9]\n\t(No symbol) [0x00007FF6C8E97EBA]\n\t(No symbol) [0x00007FF6C8EE7676]\n\t(No symbol) [0x00007FF6C8EE773C]\n\t(No symbol) [0x00007FF6C8F2E967]\n\t(No symbol) [0x00007FF6C8F0C25F]\n\t(No symbol) [0x00007FF6C8F2BC80]\n\t(No symbol) [0x00007FF6C8F0BFC3]\n\t(No symbol) [0x00007FF6C8ED9617]\n\t(No symbol) [0x00007FF6C8EDA211]\n\tGetHandleVerifier [0x00007FF6C93794AD+3301629]\n\tGetHandleVerifier [0x00007FF6C93C36D3+3605283]\n\tGetHandleVerifier [0x00007FF6C93B9450+3563680]\n\tGetHandleVerifier [0x00007FF6C9114326+790390]\n\t(No symbol) [0x00007FF6C8FE750F]\n\t(No symbol) [0x00007FF6C8FE3404]\n\t(No symbol) [0x00007FF6C8FE3592]\n\t(No symbol) [0x00007FF6C8FD2F9F]\n\tBaseThreadInitThunk [0x00007FFC12F6257D+29]\n\tRtlUserThreadStart [0x00007FFC1436AF28+40]", "trace": "self = <test_certificate_crud.TestCertificateCRUD object at 0x00000222EFEA01A0>\n\n    def test_add_invalid_certificate(self):\n        self.page.login(const.valid_user_name, const.valid_password)\n    \n        WebDriverWait(self.driver, 20).until(EC.url_changes(const.loginURL))\n        self.page.navigate_to_certificates(const.certificatesURL)\n        WebDriverWait(self.driver, 20).until(EC.url_contains(\"sertifikalarim\"))\n    \n>       self.page.add_certificate(const.certificateName, const.certificateYear, const.invalidCertificate)\n\ntests\\test_certificate_crud.py:38: \n_ _ _ _ _ _ _ _ _ _ _ _ _ _ _ _ _ _ _ _ _ _ _ _ _ _ _ _ _ _ _ _ _ _ _ _ _ _ _ _\npages\\page_certificate_crud.py:51: in add_certificate\n    WebDriverWait(self.driver, 60).until(\n_ _ _ _ _ _ _ _ _ _ _ _ _ _ _ _ _ _ _ _ _ _ _ _ _ _ _ _ _ _ _ _ _ _ _ _ _ _ _ _\n\nself = <selenium.webdriver.support.wait.WebDriverWait (session=\"9123e4005e7d5f6569d90999d18ae680\")>\nmethod = <function presence_of_element_located.<locals>._predicate at 0x00000222EFEAA020>\nmessage = ''\n\n    def until(self, method: Callable[[D], Union[Literal[False], T]], message: str = \"\") -> T:\n        \"\"\"Calls the method provided with the driver as an argument until the \\\n        return value does not evaluate to ``False``.\n    \n        :param method: callable(WebDriver)\n        :param message: optional message for :exc:`TimeoutException`\n        :returns: the result of the last call to `method`\n        :raises: :exc:`selenium.common.exceptions.TimeoutException` if timeout occurs\n        \"\"\"\n        screen = None\n        stacktrace = None\n    \n        end_time = time.monotonic() + self._timeout\n        while True:\n            try:\n                value = method(self._driver)\n                if value:\n                    return value\n            except self._ignored_exceptions as exc:\n                screen = getattr(exc, \"screen\", None)\n                stacktrace = getattr(exc, \"stacktrace\", None)\n            time.sleep(self._poll)\n            if time.monotonic() > end_time:\n                break\n>       raise TimeoutException(message, screen, stacktrace)\nE       selenium.common.exceptions.TimeoutException: Message: \nE       Stacktrace:\nE       \tGetHandleVerifier [0x00007FF6C9061F52+60322]\nE       \t(No symbol) [0x00007FF6C8FDCEC9]\nE       \t(No symbol) [0x00007FF6C8E97EBA]\nE       \t(No symbol) [0x00007FF6C8EE7676]\nE       \t(No symbol) [0x00007FF6C8EE773C]\nE       \t(No symbol) [0x00007FF6C8F2E967]\nE       \t(No symbol) [0x00007FF6C8F0C25F]\nE       \t(No symbol) [0x00007FF6C8F2BC80]\nE       \t(No symbol) [0x00007FF6C8F0BFC3]\nE       \t(No symbol) [0x00007FF6C8ED9617]\nE       \t(No symbol) [0x00007FF6C8EDA211]\nE       \tGetHandleVerifier [0x00007FF6C93794AD+3301629]\nE       \tGetHandleVerifier [0x00007FF6C93C36D3+3605283]\nE       \tGetHandleVerifier [0x00007FF6C93B9450+3563680]\nE       \tGetHandleVerifier [0x00007FF6C9114326+790390]\nE       \t(No symbol) [0x00007FF6C8FE750F]\nE       \t(No symbol) [0x00007FF6C8FE3404]\nE       \t(No symbol) [0x00007FF6C8FE3592]\nE       \t(No symbol) [0x00007FF6C8FD2F9F]\nE       \tBaseThreadInitThunk [0x00007FFC12F6257D+29]\nE       \tRtlUserThreadStart [0x00007FFC1436AF28+40]\n\n..\\..\\..\\AppData\\Local\\Programs\\Python\\Python312\\Lib\\site-packages\\selenium\\webdriver\\support\\wait.py:105: TimeoutException"}, "start": 1718444081114, "stop": 1718444177295, "uuid": "9e30b1ad-1835-476c-b615-596d856eb42c", "historyId": "9f5061e4836c665dd1399ab176e85f4e", "testCaseId": "9f5061e4836c665dd1399ab176e85f4e", "fullName": "tests.test_certificate_crud.TestCertificateCRUD#test_add_invalid_certificate", "labels": [{"name": "parentSuite", "value": "tests"}, {"name": "suite", "value": "test_certificate_crud"}, {"name": "subSuite", "value": "TestCertificateCRUD"}, {"name": "host", "value": "chiturca"}, {"name": "thread", "value": "9112-MainThread"}, {"name": "framework", "value": "pytest"}, {"name": "language", "value": "cpython3"}, {"name": "package", "value": "tests.test_certificate_crud"}]}