{"name": "test_delete_certificate", "status": "broken", "statusDetails": {"message": "selenium.common.exceptions.TimeoutException: Message: \nStacktrace:\n\tGetHandleVerifier [0x00007FF76FC91F52+60322]\n\t(No symbol) [0x00007FF76FC0CEC9]\n\t(No symbol) [0x00007FF76FAC7EBA]\n\t(No symbol) [0x00007FF76FB17676]\n\t(No symbol) [0x00007FF76FB1773C]\n\t(No symbol) [0x00007FF76FB5E967]\n\t(No symbol) [0x00007FF76FB3C25F]\n\t(No symbol) [0x00007FF76FB5BC80]\n\t(No symbol) [0x00007FF76FB3BFC3]\n\t(No symbol) [0x00007FF76FB09617]\n\t(No symbol) [0x00007FF76FB0A211]\n\tGetHandleVerifier [0x00007FF76FFA94AD+3301629]\n\tGetHandleVerifier [0x00007FF76FFF36D3+3605283]\n\tGetHandleVerifier [0x00007FF76FFE9450+3563680]\n\tGetHandleVerifier [0x00007FF76FD44326+790390]\n\t(No symbol) [0x00007FF76FC1750F]\n\t(No symbol) [0x00007FF76FC13404]\n\t(No symbol) [0x00007FF76FC13592]\n\t(No symbol) [0x00007FF76FC02F9F]\n\tBaseThreadInitThunk [0x00007FFC12F6257D+29]\n\tRtlUserThreadStart [0x00007FFC1436AF28+40]", "trace": "self = <test_certificate_crud.TestCertificateCRUD object at 0x000001DAF17F02F0>\n\n    def test_delete_certificate(self):\n        self.page.login(const.valid_user_name, const.valid_password)\n    \n        WebDriverWait(self.driver, 20).until(EC.url_changes(const.loginURL))\n        self.page.navigate_to_certificates(const.certificatesURL)\n        WebDriverWait(self.driver, 20).until(EC.url_contains(\"sertifikalarim\"))\n    \n>       self.page.delete_certificate()\n\ntests\\test_certificate_crud.py:49: \n_ _ _ _ _ _ _ _ _ _ _ _ _ _ _ _ _ _ _ _ _ _ _ _ _ _ _ _ _ _ _ _ _ _ _ _ _ _ _ _\npages\\page_certificate_crud.py:95: in delete_certificate\n    WebDriverWait(self.driver, 20).until(\n_ _ _ _ _ _ _ _ _ _ _ _ _ _ _ _ _ _ _ _ _ _ _ _ _ _ _ _ _ _ _ _ _ _ _ _ _ _ _ _\n\nself = <selenium.webdriver.support.wait.WebDriverWait (session=\"bcef9aebaa22bf43c6244d02e1e52ffc\")>\nmethod = <function presence_of_element_located.<locals>._predicate at 0x000001DAF17F63E0>\nmessage = ''\n\n    def until(self, method: Callable[[D], Union[Literal[False], T]], message: str = \"\") -> T:\n        \"\"\"Calls the method provided with the driver as an argument until the \\\n        return value does not evaluate to ``False``.\n    \n        :param method: callable(WebDriver)\n        :param message: optional message for :exc:`TimeoutException`\n        :returns: the result of the last call to `method`\n        :raises: :exc:`selenium.common.exceptions.TimeoutException` if timeout occurs\n        \"\"\"\n        screen = None\n        stacktrace = None\n    \n        end_time = time.monotonic() + self._timeout\n        while True:\n            try:\n                value = method(self._driver)\n                if value:\n                    return value\n            except self._ignored_exceptions as exc:\n                screen = getattr(exc, \"screen\", None)\n                stacktrace = getattr(exc, \"stacktrace\", None)\n            time.sleep(self._poll)\n            if time.monotonic() > end_time:\n                break\n>       raise TimeoutException(message, screen, stacktrace)\nE       selenium.common.exceptions.TimeoutException: Message: \nE       Stacktrace:\nE       \tGetHandleVerifier [0x00007FF76FC91F52+60322]\nE       \t(No symbol) [0x00007FF76FC0CEC9]\nE       \t(No symbol) [0x00007FF76FAC7EBA]\nE       \t(No symbol) [0x00007FF76FB17676]\nE       \t(No symbol) [0x00007FF76FB1773C]\nE       \t(No symbol) [0x00007FF76FB5E967]\nE       \t(No symbol) [0x00007FF76FB3C25F]\nE       \t(No symbol) [0x00007FF76FB5BC80]\nE       \t(No symbol) [0x00007FF76FB3BFC3]\nE       \t(No symbol) [0x00007FF76FB09617]\nE       \t(No symbol) [0x00007FF76FB0A211]\nE       \tGetHandleVerifier [0x00007FF76FFA94AD+3301629]\nE       \tGetHandleVerifier [0x00007FF76FFF36D3+3605283]\nE       \tGetHandleVerifier [0x00007FF76FFE9450+3563680]\nE       \tGetHandleVerifier [0x00007FF76FD44326+790390]\nE       \t(No symbol) [0x00007FF76FC1750F]\nE       \t(No symbol) [0x00007FF76FC13404]\nE       \t(No symbol) [0x00007FF76FC13592]\nE       \t(No symbol) [0x00007FF76FC02F9F]\nE       \tBaseThreadInitThunk [0x00007FFC12F6257D+29]\nE       \tRtlUserThreadStart [0x00007FFC1436AF28+40]\n\n..\\..\\..\\AppData\\Local\\Programs\\Python\\Python312\\Lib\\site-packages\\selenium\\webdriver\\support\\wait.py:105: TimeoutException"}, "start": 1718451652053, "stop": 1718451695254, "uuid": "5674a425-a129-4ea9-88c4-42f91581b7b6", "historyId": "03f139aab80c9b6083b20ddeec3a1190", "testCaseId": "03f139aab80c9b6083b20ddeec3a1190", "fullName": "tests.test_certificate_crud.TestCertificateCRUD#test_delete_certificate", "labels": [{"name": "parentSuite", "value": "tests"}, {"name": "suite", "value": "test_certificate_crud"}, {"name": "subSuite", "value": "TestCertificateCRUD"}, {"name": "host", "value": "chiturca"}, {"name": "thread", "value": "6668-MainThread"}, {"name": "framework", "value": "pytest"}, {"name": "language", "value": "cpython3"}, {"name": "package", "value": "tests.test_certificate_crud"}]}