{"name": "test_add_invalid_certificate", "status": "broken", "statusDetails": {"message": "selenium.common.exceptions.TimeoutException: Message: \nStacktrace:\n\tGetHandleVerifier [0x00007FF62CCE1F52+60322]\n\t(No symbol) [0x00007FF62CC5CEC9]\n\t(No symbol) [0x00007FF62CB17EBA]\n\t(No symbol) [0x00007FF62CB67676]\n\t(No symbol) [0x00007FF62CB6773C]\n\t(No symbol) [0x00007FF62CBAE967]\n\t(No symbol) [0x00007FF62CB8C25F]\n\t(No symbol) [0x00007FF62CBABC80]\n\t(No symbol) [0x00007FF62CB8BFC3]\n\t(No symbol) [0x00007FF62CB59617]\n\t(No symbol) [0x00007FF62CB5A211]\n\tGetHandleVerifier [0x00007FF62CFF94AD+3301629]\n\tGetHandleVerifier [0x00007FF62D0436D3+3605283]\n\tGetHandleVerifier [0x00007FF62D039450+3563680]\n\tGetHandleVerifier [0x00007FF62CD94326+790390]\n\t(No symbol) [0x00007FF62CC6750F]\n\t(No symbol) [0x00007FF62CC63404]\n\t(No symbol) [0x00007FF62CC63592]\n\t(No symbol) [0x00007FF62CC52F9F]\n\tBaseThreadInitThunk [0x00007FFC12F6257D+29]\n\tRtlUserThreadStart [0x00007FFC1436AF28+40]", "trace": "self = <test_certificate_crud.TestCertificateCRUD object at 0x000002E92838BE00>\n\n    def test_add_invalid_certificate(self):\n        self.page.login(const.valid_user_name, const.valid_password)\n    \n        WebDriverWait(self.driver, 20).until(EC.url_changes(const.loginURL))\n        self.page.navigate_to_certificates(const.certificatesURL)\n        WebDriverWait(self.driver, 20).until(EC.url_contains(\"sertifikalarim\"))\n    \n>       self.page.add_certificate(const.certificateName, const.certificateYear, const.invalidCertificate)\n\ntests\\test_certificate_crud.py:38: \n_ _ _ _ _ _ _ _ _ _ _ _ _ _ _ _ _ _ _ _ _ _ _ _ _ _ _ _ _ _ _ _ _ _ _ _ _ _ _ _\npages\\page_certificate_crud.py:54: in add_certificate\n    WebDriverWait(self.driver, 60).until(\n_ _ _ _ _ _ _ _ _ _ _ _ _ _ _ _ _ _ _ _ _ _ _ _ _ _ _ _ _ _ _ _ _ _ _ _ _ _ _ _\n\nself = <selenium.webdriver.support.wait.WebDriverWait (session=\"c01b88c20e630e84ad3abff1e6d0ebc1\")>\nmethod = <function presence_of_element_located.<locals>._predicate at 0x000002E9283B62A0>\nmessage = ''\n\n    def until(self, method: Callable[[D], Union[Literal[False], T]], message: str = \"\") -> T:\n        \"\"\"Calls the method provided with the driver as an argument until the \\\n        return value does not evaluate to ``False``.\n    \n        :param method: callable(WebDriver)\n        :param message: optional message for :exc:`TimeoutException`\n        :returns: the result of the last call to `method`\n        :raises: :exc:`selenium.common.exceptions.TimeoutException` if timeout occurs\n        \"\"\"\n        screen = None\n        stacktrace = None\n    \n        end_time = time.monotonic() + self._timeout\n        while True:\n            try:\n                value = method(self._driver)\n                if value:\n                    return value\n            except self._ignored_exceptions as exc:\n                screen = getattr(exc, \"screen\", None)\n                stacktrace = getattr(exc, \"stacktrace\", None)\n            time.sleep(self._poll)\n            if time.monotonic() > end_time:\n                break\n>       raise TimeoutException(message, screen, stacktrace)\nE       selenium.common.exceptions.TimeoutException: Message: \nE       Stacktrace:\nE       \tGetHandleVerifier [0x00007FF62CCE1F52+60322]\nE       \t(No symbol) [0x00007FF62CC5CEC9]\nE       \t(No symbol) [0x00007FF62CB17EBA]\nE       \t(No symbol) [0x00007FF62CB67676]\nE       \t(No symbol) [0x00007FF62CB6773C]\nE       \t(No symbol) [0x00007FF62CBAE967]\nE       \t(No symbol) [0x00007FF62CB8C25F]\nE       \t(No symbol) [0x00007FF62CBABC80]\nE       \t(No symbol) [0x00007FF62CB8BFC3]\nE       \t(No symbol) [0x00007FF62CB59617]\nE       \t(No symbol) [0x00007FF62CB5A211]\nE       \tGetHandleVerifier [0x00007FF62CFF94AD+3301629]\nE       \tGetHandleVerifier [0x00007FF62D0436D3+3605283]\nE       \tGetHandleVerifier [0x00007FF62D039450+3563680]\nE       \tGetHandleVerifier [0x00007FF62CD94326+790390]\nE       \t(No symbol) [0x00007FF62CC6750F]\nE       \t(No symbol) [0x00007FF62CC63404]\nE       \t(No symbol) [0x00007FF62CC63592]\nE       \t(No symbol) [0x00007FF62CC52F9F]\nE       \tBaseThreadInitThunk [0x00007FFC12F6257D+29]\nE       \tRtlUserThreadStart [0x00007FFC1436AF28+40]\n\n..\\..\\..\\AppData\\Local\\Programs\\Python\\Python312\\Lib\\site-packages\\selenium\\webdriver\\support\\wait.py:105: TimeoutException"}, "start": 1718482103386, "stop": 1718482184351, "uuid": "3e77379e-4014-4e47-897b-631ff49bfd9c", "historyId": "9f5061e4836c665dd1399ab176e85f4e", "testCaseId": "9f5061e4836c665dd1399ab176e85f4e", "fullName": "tests.test_certificate_crud.TestCertificateCRUD#test_add_invalid_certificate", "labels": [{"name": "parentSuite", "value": "tests"}, {"name": "suite", "value": "test_certificate_crud"}, {"name": "subSuite", "value": "TestCertificateCRUD"}, {"name": "host", "value": "chiturca"}, {"name": "thread", "value": "13248-MainThread"}, {"name": "framework", "value": "pytest"}, {"name": "language", "value": "cpython3"}, {"name": "package", "value": "tests.test_certificate_crud"}]}