{"name": "test_display_exam_results", "status": "broken", "statusDetails": {"message": "selenium.common.exceptions.TimeoutException: Message: \nStacktrace:\n0   chromedriver                        0x0000000100ceaa80 chromedriver + 4385408\n1   chromedriver                        0x0000000100ce338c chromedriver + 4354956\n2   chromedriver                        0x0000000100900b0c chromedriver + 281356\n3   chromedriver                        0x00000001009432f8 chromedriver + 553720\n4   chromedriver                        0x000000010097bd24 chromedriver + 785700\n5   chromedriver                        0x0000000100937eec chromedriver + 507628\n6   chromedriver                        0x00000001009388c4 chromedriver + 510148\n7   chromedriver                        0x0000000100cb243c chromedriver + 4154428\n8   chromedriver                        0x0000000100cb6ea0 chromedriver + 4173472\n9   chromedriver                        0x0000000100c97ff8 chromedriver + 4046840\n10  chromedriver                        0x0000000100cb778c chromedriver + 4175756\n11  chromedriver                        0x0000000100c8afb8 chromedriver + 3993528\n12  chromedriver                        0x0000000100cd521c chromedriver + 4297244\n13  chromedriver                        0x0000000100cd5398 chromedriver + 4297624\n14  chromedriver                        0x0000000100ce2f84 chromedriver + 4353924\n15  libsystem_pthread.dylib             0x0000000199e86f94 _pthread_start + 136\n16  libsystem_pthread.dylib             0x0000000199e81d34 thread_start + 8", "trace": "self = <test_10_evaluations.TestEvaluations object at 0x101e2eb10>\n\n    def test_display_exam_results(self):\n        self.initial_exam()  # same path to follow\n>       self.page.find_exam_done_text()\n\ntest_10_evaluations.py:211: \n_ _ _ _ _ _ _ _ _ _ _ _ _ _ _ _ _ _ _ _ _ _ _ _ _ _ _ _ _ _ _ _ _ _ _ _ _ _ _ _ \n../pages/page_10_evaluations.py:85: in find_exam_done_text\n    self.exam_done_text = Driver.wait(self.driver, By.XPATH, '/html/body/div[3]/div/div/div/div/div/span', \"visit\", 5).text\n../utils/Driver.py:14: in wait\n    return WebDriverWait(driver, timeout).until(ec.visibility_of_element_located((selector, element)))\n_ _ _ _ _ _ _ _ _ _ _ _ _ _ _ _ _ _ _ _ _ _ _ _ _ _ _ _ _ _ _ _ _ _ _ _ _ _ _ _ \n\nself = <selenium.webdriver.support.wait.WebDriverWait (session=\"4299344594d4863ad105a7fde3a2e8b6\")>\nmethod = <function visibility_of_element_located.<locals>._predicate at 0x101e6b1a0>\nmessage = ''\n\n    def until(self, method: Callable[[D], Union[Literal[False], T]], message: str = \"\") -> T:\n        \"\"\"Calls the method provided with the driver as an argument until the \\\n        return value does not evaluate to ``False``.\n    \n        :param method: callable(WebDriver)\n        :param message: optional message for :exc:`TimeoutException`\n        :returns: the result of the last call to `method`\n        :raises: :exc:`selenium.common.exceptions.TimeoutException` if timeout occurs\n        \"\"\"\n        screen = None\n        stacktrace = None\n    \n        end_time = time.monotonic() + self._timeout\n        while True:\n            try:\n                value = method(self._driver)\n                if value:\n                    return value\n            except self._ignored_exceptions as exc:\n                screen = getattr(exc, \"screen\", None)\n                stacktrace = getattr(exc, \"stacktrace\", None)\n            time.sleep(self._poll)\n            if time.monotonic() > end_time:\n                break\n>       raise TimeoutException(message, screen, stacktrace)\nE       selenium.common.exceptions.TimeoutException: Message: \nE       Stacktrace:\nE       0   chromedriver                        0x0000000100ceaa80 chromedriver + 4385408\nE       1   chromedriver                        0x0000000100ce338c chromedriver + 4354956\nE       2   chromedriver                        0x0000000100900b0c chromedriver + 281356\nE       3   chromedriver                        0x00000001009432f8 chromedriver + 553720\nE       4   chromedriver                        0x000000010097bd24 chromedriver + 785700\nE       5   chromedriver                        0x0000000100937eec chromedriver + 507628\nE       6   chromedriver                        0x00000001009388c4 chromedriver + 510148\nE       7   chromedriver                        0x0000000100cb243c chromedriver + 4154428\nE       8   chromedriver                        0x0000000100cb6ea0 chromedriver + 4173472\nE       9   chromedriver                        0x0000000100c97ff8 chromedriver + 4046840\nE       10  chromedriver                        0x0000000100cb778c chromedriver + 4175756\nE       11  chromedriver                        0x0000000100c8afb8 chromedriver + 3993528\nE       12  chromedriver                        0x0000000100cd521c chromedriver + 4297244\nE       13  chromedriver                        0x0000000100cd5398 chromedriver + 4297624\nE       14  chromedriver                        0x0000000100ce2f84 chromedriver + 4353924\nE       15  libsystem_pthread.dylib             0x0000000199e86f94 _pthread_start + 136\nE       16  libsystem_pthread.dylib             0x0000000199e81d34 thread_start + 8\n\n/Library/Frameworks/Python.framework/Versions/3.12/lib/python3.12/site-packages/selenium/webdriver/support/wait.py:105: TimeoutException"}, "attachments": [{"name": "stdout", "source": "803b842c-e830-476b-b86e-193968a0163c-attachment.txt", "type": "text/plain"}], "start": 1720035091558, "stop": 1720035122287, "uuid": "31cc40b0-8eb6-4895-a83a-939c1e09d9cb", "historyId": "fe946eb84d6a0defc727ff76ddce8295", "testCaseId": "fe946eb84d6a0defc727ff76ddce8295", "fullName": "tests.test_10_evaluations.TestEvaluations#test_display_exam_results", "labels": [{"name": "parentSuite", "value": "tests"}, {"name": "suite", "value": "test_10_evaluations"}, {"name": "subSuite", "value": "TestEvaluations"}, {"name": "host", "value": "Ismets-Air.home"}, {"name": "thread", "value": "76951-MainThread"}, {"name": "framework", "value": "pytest"}, {"name": "language", "value": "cpython3"}, {"name": "package", "value": "tests.test_10_evaluations"}]}