{"name": "test_completing_evaluations_module", "status": "broken", "statusDetails": {"message": "selenium.common.exceptions.TimeoutException: Message:", "trace": "self = <test_10_evaluations.TestEvaluations object at 0x101fa4ec0>\n\n    def test_completing_evaluations_module(self):\n        self.navigating_to_evaluations_modul()\n        sleep(2)\n        self.hide_widget_div()\n        # before click first page\n        Driver.screenshot(self.driver, \"../screenshots/screenshots_10_evaluation\", \"test_2_1_evaluation_modul.png\")\n        self.click_on_radio_buttons()\n        sleep(1)\n        Driver.screenshot(self.driver, \"../screenshots/screenshots_10_evaluation\", \"test_2_2_evaluation_modul.png\")\n>       self.first_forward()  # 20\n\ntest_10_evaluations.py:167: \n_ _ _ _ _ _ _ _ _ _ _ _ _ _ _ _ _ _ _ _ _ _ _ _ _ _ _ _ _ _ _ _ _ _ _ _ _ _ _ _ \ntest_10_evaluations.py:110: in first_forward\n    self.page.find_evaluations_forward_button()\n../pages/page_10_evaluations.py:56: in find_evaluations_forward_button\n    self.evaluations_forward_button = Driver.wait(self.driver, By.XPATH,\n../utils/Driver.py:16: in wait\n    return WebDriverWait(driver, timeout).until(ec.element_to_be_clickable((selector, element)))\n_ _ _ _ _ _ _ _ _ _ _ _ _ _ _ _ _ _ _ _ _ _ _ _ _ _ _ _ _ _ _ _ _ _ _ _ _ _ _ _ \n\nself = <selenium.webdriver.support.wait.WebDriverWait (session=\"6cc8a0690d1c32b23fddf53c908ef154\")>\nmethod = <function element_to_be_clickable.<locals>._predicate at 0x102137600>\nmessage = ''\n\n    def until(self, method: Callable[[D], Union[Literal[False], T]], message: str = \"\") -> T:\n        \"\"\"Calls the method provided with the driver as an argument until the \\\n        return value does not evaluate to ``False``.\n    \n        :param method: callable(WebDriver)\n        :param message: optional message for :exc:`TimeoutException`\n        :returns: the result of the last call to `method`\n        :raises: :exc:`selenium.common.exceptions.TimeoutException` if timeout occurs\n        \"\"\"\n        screen = None\n        stacktrace = None\n    \n        end_time = time.monotonic() + self._timeout\n        while True:\n            try:\n                value = method(self._driver)\n                if value:\n                    return value\n            except self._ignored_exceptions as exc:\n                screen = getattr(exc, \"screen\", None)\n                stacktrace = getattr(exc, \"stacktrace\", None)\n            time.sleep(self._poll)\n            if time.monotonic() > end_time:\n                break\n>       raise TimeoutException(message, screen, stacktrace)\nE       selenium.common.exceptions.TimeoutException: Message:\n\n/Library/Frameworks/Python.framework/Versions/3.12/lib/python3.12/site-packages/selenium/webdriver/support/wait.py:105: TimeoutException"}, "attachments": [{"name": "stdout", "source": "55b7b5f3-dbfa-4230-8ec7-7b01667d12ba-attachment.txt", "type": "text/plain"}], "start": 1720035412320, "stop": 1720035447409, "uuid": "fcb2864a-8ea0-4c11-bb75-d473c1cb09ca", "historyId": "dcbfebf8eb8201a8aebaf4348e247fa7", "testCaseId": "dcbfebf8eb8201a8aebaf4348e247fa7", "fullName": "tests.test_10_evaluations.TestEvaluations#test_completing_evaluations_module", "labels": [{"name": "parentSuite", "value": "tests"}, {"name": "suite", "value": "test_10_evaluations"}, {"name": "subSuite", "value": "TestEvaluations"}, {"name": "host", "value": "Ismets-Air.home"}, {"name": "thread", "value": "77221-MainThread"}, {"name": "framework", "value": "pytest"}, {"name": "language", "value": "cpython3"}, {"name": "package", "value": "tests.test_10_evaluations"}]}