{"name": "test_complete_exam", "status": "broken", "statusDetails": {"message": "selenium.common.exceptions.TimeoutException: Message: \nStacktrace:\n0   chromedriver                        0x000000010521ea80 chromedriver + 4385408\n1   chromedriver                        0x000000010521738c chromedriver + 4354956\n2   chromedriver                        0x0000000104e34b0c chromedriver + 281356\n3   chromedriver                        0x0000000104e772f8 chromedriver + 553720\n4   chromedriver                        0x0000000104eafd24 chromedriver + 785700\n5   chromedriver                        0x0000000104e6beec chromedriver + 507628\n6   chromedriver                        0x0000000104e6c8c4 chromedriver + 510148\n7   chromedriver                        0x00000001051e643c chromedriver + 4154428\n8   chromedriver                        0x00000001051eaea0 chromedriver + 4173472\n9   chromedriver                        0x00000001051cbff8 chromedriver + 4046840\n10  chromedriver                        0x00000001051eb78c chromedriver + 4175756\n11  chromedriver                        0x00000001051befb8 chromedriver + 3993528\n12  chromedriver                        0x000000010520921c chromedriver + 4297244\n13  chromedriver                        0x0000000105209398 chromedriver + 4297624\n14  chromedriver                        0x0000000105216f84 chromedriver + 4353924\n15  libsystem_pthread.dylib             0x0000000199e86f94 _pthread_start + 136\n16  libsystem_pthread.dylib             0x0000000199e81d34 thread_start + 8", "trace": "self = <test_10_evaluations.TestEvaluations object at 0x102d5eb40>\n\n    def test_complete_exam(self):\n        self.initial_exam()\n>       self.completing_exam()\n\ntest_10_evaluations.py:215: \n_ _ _ _ _ _ _ _ _ _ _ _ _ _ _ _ _ _ _ _ _ _ _ _ _ _ _ _ _ _ _ _ _ _ _ _ _ _ _ _ \ntest_10_evaluations.py:205: in completing_exam\n    self.page.find_exam_options()\n../pages/page_10_evaluations.py:78: in find_exam_options\n    self.exam_first_option = Driver.wait(self.driver, By.XPATH, \"//button[@class='option ']\", \"click\", 5)\n../utils/Driver.py:16: in wait\n    return WebDriverWait(driver, timeout).until(ec.element_to_be_clickable((selector, element)))\n_ _ _ _ _ _ _ _ _ _ _ _ _ _ _ _ _ _ _ _ _ _ _ _ _ _ _ _ _ _ _ _ _ _ _ _ _ _ _ _ \n\nself = <selenium.webdriver.support.wait.WebDriverWait (session=\"3ecae553730c0a47fa4510aa4538c0f6\")>\nmethod = <function element_to_be_clickable.<locals>._predicate at 0x101f43240>\nmessage = ''\n\n    def until(self, method: Callable[[D], Union[Literal[False], T]], message: str = \"\") -> T:\n        \"\"\"Calls the method provided with the driver as an argument until the \\\n        return value does not evaluate to ``False``.\n    \n        :param method: callable(WebDriver)\n        :param message: optional message for :exc:`TimeoutException`\n        :returns: the result of the last call to `method`\n        :raises: :exc:`selenium.common.exceptions.TimeoutException` if timeout occurs\n        \"\"\"\n        screen = None\n        stacktrace = None\n    \n        end_time = time.monotonic() + self._timeout\n        while True:\n            try:\n                value = method(self._driver)\n                if value:\n                    return value\n            except self._ignored_exceptions as exc:\n                screen = getattr(exc, \"screen\", None)\n                stacktrace = getattr(exc, \"stacktrace\", None)\n            time.sleep(self._poll)\n            if time.monotonic() > end_time:\n                break\n>       raise TimeoutException(message, screen, stacktrace)\nE       selenium.common.exceptions.TimeoutException: Message: \nE       Stacktrace:\nE       0   chromedriver                        0x000000010521ea80 chromedriver + 4385408\nE       1   chromedriver                        0x000000010521738c chromedriver + 4354956\nE       2   chromedriver                        0x0000000104e34b0c chromedriver + 281356\nE       3   chromedriver                        0x0000000104e772f8 chromedriver + 553720\nE       4   chromedriver                        0x0000000104eafd24 chromedriver + 785700\nE       5   chromedriver                        0x0000000104e6beec chromedriver + 507628\nE       6   chromedriver                        0x0000000104e6c8c4 chromedriver + 510148\nE       7   chromedriver                        0x00000001051e643c chromedriver + 4154428\nE       8   chromedriver                        0x00000001051eaea0 chromedriver + 4173472\nE       9   chromedriver                        0x00000001051cbff8 chromedriver + 4046840\nE       10  chromedriver                        0x00000001051eb78c chromedriver + 4175756\nE       11  chromedriver                        0x00000001051befb8 chromedriver + 3993528\nE       12  chromedriver                        0x000000010520921c chromedriver + 4297244\nE       13  chromedriver                        0x0000000105209398 chromedriver + 4297624\nE       14  chromedriver                        0x0000000105216f84 chromedriver + 4353924\nE       15  libsystem_pthread.dylib             0x0000000199e86f94 _pthread_start + 136\nE       16  libsystem_pthread.dylib             0x0000000199e81d34 thread_start + 8\n\n/Library/Frameworks/Python.framework/Versions/3.12/lib/python3.12/site-packages/selenium/webdriver/support/wait.py:105: TimeoutException"}, "attachments": [{"name": "stdout", "source": "05017a2f-19c7-47e3-ba69-830b2d2e0b94-attachment.txt", "type": "text/plain"}], "start": 1720033171811, "stop": 1720033217493, "uuid": "b8d05fba-c1b4-435c-b22f-edc33fc5ca77", "historyId": "52a1254df919132a90b0fc8386e63c3c", "testCaseId": "52a1254df919132a90b0fc8386e63c3c", "fullName": "tests.test_10_evaluations.TestEvaluations#test_complete_exam", "labels": [{"name": "parentSuite", "value": "tests"}, {"name": "suite", "value": "test_10_evaluations"}, {"name": "subSuite", "value": "TestEvaluations"}, {"name": "host", "value": "Ismets-Air.home"}, {"name": "thread", "value": "75853-MainThread"}, {"name": "framework", "value": "pytest"}, {"name": "language", "value": "cpython3"}, {"name": "package", "value": "tests.test_10_evaluations"}]}