{"name": "test_social_media_update_and_remove", "status": "broken", "statusDetails": {"message": "selenium.common.exceptions.TimeoutException: Message: \nStacktrace:\n\tGetHandleVerifier [0x00007FF704F61F52+60322]\n\t(No symbol) [0x00007FF704EDCEC9]\n\t(No symbol) [0x00007FF704D97EBA]\n\t(No symbol) [0x00007FF704DE7676]\n\t(No symbol) [0x00007FF704DE773C]\n\t(No symbol) [0x00007FF704E2E967]\n\t(No symbol) [0x00007FF704E0C25F]\n\t(No symbol) [0x00007FF704E2BC80]\n\t(No symbol) [0x00007FF704E0BFC3]\n\t(No symbol) [0x00007FF704DD9617]\n\t(No symbol) [0x00007FF704DDA211]\n\tGetHandleVerifier [0x00007FF7052794AD+3301629]\n\tGetHandleVerifier [0x00007FF7052C36D3+3605283]\n\tGetHandleVerifier [0x00007FF7052B9450+3563680]\n\tGetHandleVerifier [0x00007FF705014326+790390]\n\t(No symbol) [0x00007FF704EE750F]\n\t(No symbol) [0x00007FF704EE3404]\n\t(No symbol) [0x00007FF704EE3592]\n\t(No symbol) [0x00007FF704ED2F9F]\n\tBaseThreadInitThunk [0x00007FFDE1F77344+20]\n\tRtlUserThreadStart [0x00007FFDE3E826B1+33]", "trace": "self = <test_social_media.TestSocialMedia object at 0x000001B45B9BE600>\n\n    def test_social_media_update_and_remove(self):\n>       self.prc_social_media()\n\ntest_social_media.py:73: \n_ _ _ _ _ _ _ _ _ _ _ _ _ _ _ _ _ _ _ _ _ _ _ _ _ _ _ _ _ _ _ _ _ _ _ _ _ _ _ _\ntest_social_media.py:35: in prc_social_media\n    Driver.wait(self.driver, By.XPATH, \"//button[@data-dismiss='toast']\", \"click\").click()\n..\\utils\\Driver.py:13: in wait\n    return WebDriverWait(driver, timeout).until(ec.element_to_be_clickable((selector, element)))\n_ _ _ _ _ _ _ _ _ _ _ _ _ _ _ _ _ _ _ _ _ _ _ _ _ _ _ _ _ _ _ _ _ _ _ _ _ _ _ _\n\nself = <selenium.webdriver.support.wait.WebDriverWait (session=\"a47174c3366a4f40f302d442ec3a0222\")>\nmethod = <function element_to_be_clickable.<locals>._predicate at 0x000001B45B9DA340>\nmessage = ''\n\n    def until(self, method: Callable[[D], Union[Literal[False], T]], message: str = \"\") -> T:\n        \"\"\"Calls the method provided with the driver as an argument until the \\\n        return value does not evaluate to ``False``.\n    \n        :param method: callable(WebDriver)\n        :param message: optional message for :exc:`TimeoutException`\n        :returns: the result of the last call to `method`\n        :raises: :exc:`selenium.common.exceptions.TimeoutException` if timeout occurs\n        \"\"\"\n        screen = None\n        stacktrace = None\n    \n        end_time = time.monotonic() + self._timeout\n        while True:\n            try:\n                value = method(self._driver)\n                if value:\n                    return value\n            except self._ignored_exceptions as exc:\n                screen = getattr(exc, \"screen\", None)\n                stacktrace = getattr(exc, \"stacktrace\", None)\n            time.sleep(self._poll)\n            if time.monotonic() > end_time:\n                break\n>       raise TimeoutException(message, screen, stacktrace)\nE       selenium.common.exceptions.TimeoutException: Message: \nE       Stacktrace:\nE       \tGetHandleVerifier [0x00007FF704F61F52+60322]\nE       \t(No symbol) [0x00007FF704EDCEC9]\nE       \t(No symbol) [0x00007FF704D97EBA]\nE       \t(No symbol) [0x00007FF704DE7676]\nE       \t(No symbol) [0x00007FF704DE773C]\nE       \t(No symbol) [0x00007FF704E2E967]\nE       \t(No symbol) [0x00007FF704E0C25F]\nE       \t(No symbol) [0x00007FF704E2BC80]\nE       \t(No symbol) [0x00007FF704E0BFC3]\nE       \t(No symbol) [0x00007FF704DD9617]\nE       \t(No symbol) [0x00007FF704DDA211]\nE       \tGetHandleVerifier [0x00007FF7052794AD+3301629]\nE       \tGetHandleVerifier [0x00007FF7052C36D3+3605283]\nE       \tGetHandleVerifier [0x00007FF7052B9450+3563680]\nE       \tGetHandleVerifier [0x00007FF705014326+790390]\nE       \t(No symbol) [0x00007FF704EE750F]\nE       \t(No symbol) [0x00007FF704EE3404]\nE       \t(No symbol) [0x00007FF704EE3592]\nE       \t(No symbol) [0x00007FF704ED2F9F]\nE       \tBaseThreadInitThunk [0x00007FFDE1F77344+20]\nE       \tRtlUserThreadStart [0x00007FFDE3E826B1+33]\n\n..\\.venv\\Lib\\site-packages\\selenium\\webdriver\\support\\wait.py:105: TimeoutException"}, "start": 1717840406660, "stop": 1717840432658, "uuid": "d623cadc-bc1c-4a34-9ac4-ae4b9ecef2fc", "historyId": "93d1666606ccdf93f621092b650b7606", "testCaseId": "93d1666606ccdf93f621092b650b7606", "fullName": "tests.test_social_media.TestSocialMedia#test_social_media_update_and_remove", "labels": [{"name": "parentSuite", "value": "tests"}, {"name": "suite", "value": "test_social_media"}, {"name": "subSuite", "value": "TestSocialMedia"}, {"name": "host", "value": "Ercan"}, {"name": "thread", "value": "1260-MainThread"}, {"name": "framework", "value": "pytest"}, {"name": "language", "value": "cpython3"}, {"name": "package", "value": "tests.test_social_media"}]}