{"name": "test_social_media_update_and_remove", "status": "broken", "statusDetails": {"message": "selenium.common.exceptions.TimeoutException: Message: \nStacktrace:\n\tGetHandleVerifier [0x00007FF704F61F52+60322]\n\t(No symbol) [0x00007FF704EDCEC9]\n\t(No symbol) [0x00007FF704D97EBA]\n\t(No symbol) [0x00007FF704DE7676]\n\t(No symbol) [0x00007FF704DE773C]\n\t(No symbol) [0x00007FF704E2E967]\n\t(No symbol) [0x00007FF704E0C25F]\n\t(No symbol) [0x00007FF704E2BC80]\n\t(No symbol) [0x00007FF704E0BFC3]\n\t(No symbol) [0x00007FF704DD9617]\n\t(No symbol) [0x00007FF704DDA211]\n\tGetHandleVerifier [0x00007FF7052794AD+3301629]\n\tGetHandleVerifier [0x00007FF7052C36D3+3605283]\n\tGetHandleVerifier [0x00007FF7052B9450+3563680]\n\tGetHandleVerifier [0x00007FF705014326+790390]\n\t(No symbol) [0x00007FF704EE750F]\n\t(No symbol) [0x00007FF704EE3404]\n\t(No symbol) [0x00007FF704EE3592]\n\t(No symbol) [0x00007FF704ED2F9F]\n\tBaseThreadInitThunk [0x00007FFDE1F77344+20]\n\tRtlUserThreadStart [0x00007FFDE3E826B1+33]", "trace": "self = <test_social_media.TestSocialMedia object at 0x000001DFBB0EA630>\n\n    def test_social_media_update_and_remove(self):\n        self.prc_social_media()\n        self.page.mediaIcons()\n        self.driver.execute_script(\"arguments[0].click();\", self.page.update_icons[1])\n        self.page.updateFields()\n        self.page.update_input.clear()\n        self.page.update_input.send_keys(f\"updated\")\n        self.driver.execute_script(\"arguments[0].click();\", self.page.update_button)\n>       self.page.operationResult()\n\ntest_social_media.py:81: \n_ _ _ _ _ _ _ _ _ _ _ _ _ _ _ _ _ _ _ _ _ _ _ _ _ _ _ _ _ _ _ _ _ _ _ _ _ _ _ _\n..\\pages\\page_social_media.py:62: in operationResult\n    self.toast_message = Driver.wait(self.driver, By.XPATH, \"//div[@class='toast-body']\").text\n..\\utils\\Driver.py:11: in wait\n    return WebDriverWait(driver, timeout).until(ec.visibility_of_element_located((selector, element)))\n_ _ _ _ _ _ _ _ _ _ _ _ _ _ _ _ _ _ _ _ _ _ _ _ _ _ _ _ _ _ _ _ _ _ _ _ _ _ _ _\n\nself = <selenium.webdriver.support.wait.WebDriverWait (session=\"e13d2a5b60d77f231b78b5c01ebc7f2e\")>\nmethod = <function visibility_of_element_located.<locals>._predicate at 0x000001DFBB0FFF60>\nmessage = ''\n\n    def until(self, method: Callable[[D], Union[Literal[False], T]], message: str = \"\") -> T:\n        \"\"\"Calls the method provided with the driver as an argument until the \\\n        return value does not evaluate to ``False``.\n    \n        :param method: callable(WebDriver)\n        :param message: optional message for :exc:`TimeoutException`\n        :returns: the result of the last call to `method`\n        :raises: :exc:`selenium.common.exceptions.TimeoutException` if timeout occurs\n        \"\"\"\n        screen = None\n        stacktrace = None\n    \n        end_time = time.monotonic() + self._timeout\n        while True:\n            try:\n                value = method(self._driver)\n                if value:\n                    return value\n            except self._ignored_exceptions as exc:\n                screen = getattr(exc, \"screen\", None)\n                stacktrace = getattr(exc, \"stacktrace\", None)\n            time.sleep(self._poll)\n            if time.monotonic() > end_time:\n                break\n>       raise TimeoutException(message, screen, stacktrace)\nE       selenium.common.exceptions.TimeoutException: Message: \nE       Stacktrace:\nE       \tGetHandleVerifier [0x00007FF704F61F52+60322]\nE       \t(No symbol) [0x00007FF704EDCEC9]\nE       \t(No symbol) [0x00007FF704D97EBA]\nE       \t(No symbol) [0x00007FF704DE7676]\nE       \t(No symbol) [0x00007FF704DE773C]\nE       \t(No symbol) [0x00007FF704E2E967]\nE       \t(No symbol) [0x00007FF704E0C25F]\nE       \t(No symbol) [0x00007FF704E2BC80]\nE       \t(No symbol) [0x00007FF704E0BFC3]\nE       \t(No symbol) [0x00007FF704DD9617]\nE       \t(No symbol) [0x00007FF704DDA211]\nE       \tGetHandleVerifier [0x00007FF7052794AD+3301629]\nE       \tGetHandleVerifier [0x00007FF7052C36D3+3605283]\nE       \tGetHandleVerifier [0x00007FF7052B9450+3563680]\nE       \tGetHandleVerifier [0x00007FF705014326+790390]\nE       \t(No symbol) [0x00007FF704EE750F]\nE       \t(No symbol) [0x00007FF704EE3404]\nE       \t(No symbol) [0x00007FF704EE3592]\nE       \t(No symbol) [0x00007FF704ED2F9F]\nE       \tBaseThreadInitThunk [0x00007FFDE1F77344+20]\nE       \tRtlUserThreadStart [0x00007FFDE3E826B1+33]\n\n..\\.venv\\Lib\\site-packages\\selenium\\webdriver\\support\\wait.py:105: TimeoutException"}, "start": 1717840780717, "stop": 1717840810462, "uuid": "d538a652-23da-4761-9b2d-dc79416a9418", "historyId": "93d1666606ccdf93f621092b650b7606", "testCaseId": "93d1666606ccdf93f621092b650b7606", "fullName": "tests.test_social_media.TestSocialMedia#test_social_media_update_and_remove", "labels": [{"name": "parentSuite", "value": "tests"}, {"name": "suite", "value": "test_social_media"}, {"name": "subSuite", "value": "TestSocialMedia"}, {"name": "host", "value": "Ercan"}, {"name": "thread", "value": "15700-MainThread"}, {"name": "framework", "value": "pytest"}, {"name": "language", "value": "cpython3"}, {"name": "package", "value": "tests.test_social_media"}]}