{"name": "test_display_evaluation_analyze_report", "status": "broken", "statusDetails": {"message": "selenium.common.exceptions.NoSuchWindowException: Message: no such window: target window already closed\nfrom unknown error: web view not found\n  (Session info: chrome=126.0.6478.127)\nStacktrace:\n0   chromedriver                        0x0000000104952a80 chromedriver + 4385408\n1   chromedriver                        0x000000010494b38c chromedriver + 4354956\n2   chromedriver                        0x0000000104568b0c chromedriver + 281356\n3   chromedriver                        0x0000000104543af0 chromedriver + 129776\n4   chromedriver                        0x00000001045d0314 chromedriver + 705300\n5   chromedriver                        0x00000001045e3438 chromedriver + 783416\n6   chromedriver                        0x000000010459feec chromedriver + 507628\n7   chromedriver                        0x00000001045a08c4 chromedriver + 510148\n8   chromedriver                        0x000000010491a43c chromedriver + 4154428\n9   chromedriver                        0x000000010491eea0 chromedriver + 4173472\n10  chromedriver                        0x00000001048ffff8 chromedriver + 4046840\n11  chromedriver                        0x000000010491f78c chromedriver + 4175756\n12  chromedriver                        0x00000001048f2fb8 chromedriver + 3993528\n13  chromedriver                        0x000000010493d21c chromedriver + 4297244\n14  chromedriver                        0x000000010493d398 chromedriver + 4297624\n15  chromedriver                        0x000000010494af84 chromedriver + 4353924\n16  libsystem_pthread.dylib             0x0000000199e86f94 _pthread_start + 136\n17  libsystem_pthread.dylib             0x0000000199e81d34 thread_start + 8", "trace": "self = <test_9_profile.TestProfile object at 0x105e6d970>\n\n    def test_display_evaluation_analyze_report(self):\n>       self.navigating_analyze_report()\n\ntest_9_profile.py:284: \n_ _ _ _ _ _ _ _ _ _ _ _ _ _ _ _ _ _ _ _ _ _ _ _ _ _ _ _ _ _ _ _ _ _ _ _ _ _ _ _ \ntest_9_profile.py:181: in navigating_analyze_report\n    self.navigating_to_evaluation_page()\ntest_9_profile.py:126: in navigating_to_evaluation_page\n    self.login()\ntest_9_profile.py:34: in login\n    self.page.submit_button()\n../pages/page_9_profile.py:42: in submit_button\n    self.login_button = Driver.wait(self.driver, By.XPATH, \"//button[@type=\\\"submit\\\"]\", \"click\", 50)\n../utils/Driver.py:16: in wait\n    return WebDriverWait(driver, timeout).until(ec.element_to_be_clickable((selector, element)))\n/Library/Frameworks/Python.framework/Versions/3.12/lib/python3.12/site-packages/selenium/webdriver/support/wait.py:96: in until\n    value = method(self._driver)\n/Library/Frameworks/Python.framework/Versions/3.12/lib/python3.12/site-packages/selenium/webdriver/support/expected_conditions.py:363: in _predicate\n    target = driver.find_element(*target)  # grab element at locator\n/Library/Frameworks/Python.framework/Versions/3.12/lib/python3.12/site-packages/selenium/webdriver/remote/webdriver.py:741: in find_element\n    return self.execute(Command.FIND_ELEMENT, {\"using\": by, \"value\": value})[\"value\"]\n/Library/Frameworks/Python.framework/Versions/3.12/lib/python3.12/site-packages/selenium/webdriver/remote/webdriver.py:347: in execute\n    self.error_handler.check_response(response)\n_ _ _ _ _ _ _ _ _ _ _ _ _ _ _ _ _ _ _ _ _ _ _ _ _ _ _ _ _ _ _ _ _ _ _ _ _ _ _ _ \n\nself = <selenium.webdriver.remote.errorhandler.ErrorHandler object at 0x105e274d0>\nresponse = {'status': 404, 'value': '{\"value\":{\"error\":\"no such window\",\"message\":\"no such window: target window already closed\\\\...000199e86f94 _pthread_start + 136\\\\n17  libsystem_pthread.dylib             0x0000000199e81d34 thread_start + 8\\\\n\"}}'}\n\n    def check_response(self, response: Dict[str, Any]) -> None:\n        \"\"\"Checks that a JSON response from the WebDriver does not have an\n        error.\n    \n        :Args:\n         - response - The JSON response from the WebDriver server as a dictionary\n           object.\n    \n        :Raises: If the response contains an error message.\n        \"\"\"\n        status = response.get(\"status\", None)\n        if not status or status == ErrorCode.SUCCESS:\n            return\n        value = None\n        message = response.get(\"message\", \"\")\n        screen: str = response.get(\"screen\", \"\")\n        stacktrace = None\n        if isinstance(status, int):\n            value_json = response.get(\"value\", None)\n            if value_json and isinstance(value_json, str):\n                import json\n    \n                try:\n                    value = json.loads(value_json)\n                    if len(value) == 1:\n                        value = value[\"value\"]\n                    status = value.get(\"error\", None)\n                    if not status:\n                        status = value.get(\"status\", ErrorCode.UNKNOWN_ERROR)\n                        message = value.get(\"value\") or value.get(\"message\")\n                        if not isinstance(message, str):\n                            value = message\n                            message = message.get(\"message\")\n                    else:\n                        message = value.get(\"message\", None)\n                except ValueError:\n                    pass\n    \n        exception_class: Type[WebDriverException]\n        e = ErrorCode()\n        error_codes = [item for item in dir(e) if not item.startswith(\"__\")]\n        for error_code in error_codes:\n            error_info = getattr(ErrorCode, error_code)\n            if isinstance(error_info, list) and status in error_info:\n                exception_class = getattr(ExceptionMapping, error_code, WebDriverException)\n                break\n        else:\n            exception_class = WebDriverException\n    \n        if not value:\n            value = response[\"value\"]\n        if isinstance(value, str):\n            raise exception_class(value)\n        if message == \"\" and \"message\" in value:\n            message = value[\"message\"]\n    \n        screen = None  # type: ignore[assignment]\n        if \"screen\" in value:\n            screen = value[\"screen\"]\n    \n        stacktrace = None\n        st_value = value.get(\"stackTrace\") or value.get(\"stacktrace\")\n        if st_value:\n            if isinstance(st_value, str):\n                stacktrace = st_value.split(\"\\n\")\n            else:\n                stacktrace = []\n                try:\n                    for frame in st_value:\n                        line = frame.get(\"lineNumber\", \"\")\n                        file = frame.get(\"fileName\", \"<anonymous>\")\n                        if line:\n                            file = f\"{file}:{line}\"\n                        meth = frame.get(\"methodName\", \"<anonymous>\")\n                        if \"className\" in frame:\n                            meth = f\"{frame['className']}.{meth}\"\n                        msg = \"    at %s (%s)\"\n                        msg = msg % (meth, file)\n                        stacktrace.append(msg)\n                except TypeError:\n                    pass\n        if exception_class == UnexpectedAlertPresentException:\n            alert_text = None\n            if \"data\" in value:\n                alert_text = value[\"data\"].get(\"text\")\n            elif \"alert\" in value:\n                alert_text = value[\"alert\"].get(\"text\")\n            raise exception_class(message, screen, stacktrace, alert_text)  # type: ignore[call-arg]  # mypy is not smart enough here\n>       raise exception_class(message, screen, stacktrace)\nE       selenium.common.exceptions.NoSuchWindowException: Message: no such window: target window already closed\nE       from unknown error: web view not found\nE         (Session info: chrome=126.0.6478.127)\nE       Stacktrace:\nE       0   chromedriver                        0x0000000104952a80 chromedriver + 4385408\nE       1   chromedriver                        0x000000010494b38c chromedriver + 4354956\nE       2   chromedriver                        0x0000000104568b0c chromedriver + 281356\nE       3   chromedriver                        0x0000000104543af0 chromedriver + 129776\nE       4   chromedriver                        0x00000001045d0314 chromedriver + 705300\nE       5   chromedriver                        0x00000001045e3438 chromedriver + 783416\nE       6   chromedriver                        0x000000010459feec chromedriver + 507628\nE       7   chromedriver                        0x00000001045a08c4 chromedriver + 510148\nE       8   chromedriver                        0x000000010491a43c chromedriver + 4154428\nE       9   chromedriver                        0x000000010491eea0 chromedriver + 4173472\nE       10  chromedriver                        0x00000001048ffff8 chromedriver + 4046840\nE       11  chromedriver                        0x000000010491f78c chromedriver + 4175756\nE       12  chromedriver                        0x00000001048f2fb8 chromedriver + 3993528\nE       13  chromedriver                        0x000000010493d21c chromedriver + 4297244\nE       14  chromedriver                        0x000000010493d398 chromedriver + 4297624\nE       15  chromedriver                        0x000000010494af84 chromedriver + 4353924\nE       16  libsystem_pthread.dylib             0x0000000199e86f94 _pthread_start + 136\nE       17  libsystem_pthread.dylib             0x0000000199e81d34 thread_start + 8\n\n/Library/Frameworks/Python.framework/Versions/3.12/lib/python3.12/site-packages/selenium/webdriver/remote/errorhandler.py:229: NoSuchWindowException"}, "start": 1720012080789, "stop": 1720012100224, "uuid": "8c7f890a-d240-4295-a3a3-6d6759cce8d9", "historyId": "c939d9d91bbf7357730557ec13c50323", "testCaseId": "c939d9d91bbf7357730557ec13c50323", "fullName": "tests.test_9_profile.TestProfile#test_display_evaluation_analyze_report", "labels": [{"name": "parentSuite", "value": "tests"}, {"name": "suite", "value": "test_9_profile"}, {"name": "subSuite", "value": "TestProfile"}, {"name": "host", "value": "Ismets-Air.home"}, {"name": "thread", "value": "70130-MainThread"}, {"name": "framework", "value": "pytest"}, {"name": "language", "value": "cpython3"}, {"name": "package", "value": "tests.test_9_profile"}]}