{"name": "test_check", "status": "broken", "statusDetails": {"message": "selenium.common.exceptions.ElementClickInterceptedException: Message: element click intercepted: Element is not clickable at point (337, 1677)\n  (Session info: chrome=126.0.6478.127)\nStacktrace:\n0   chromedriver                        0x0000000102e16a80 chromedriver + 4385408\n1   chromedriver                        0x0000000102e0f38c chromedriver + 4354956\n2   chromedriver                        0x0000000102a2cb0c chromedriver + 281356\n3   chromedriver                        0x0000000102a74ce0 chromedriver + 576736\n4   chromedriver                        0x0000000102a73284 chromedriver + 569988\n5   chromedriver                        0x0000000102a71414 chromedriver + 562196\n6   chromedriver                        0x0000000102a705b0 chromedriver + 558512\n7   chromedriver                        0x0000000102a65cfc chromedriver + 515324\n8   chromedriver                        0x0000000102a65734 chromedriver + 513844\n9   chromedriver                        0x0000000102aa7d24 chromedriver + 785700\n10  chromedriver                        0x0000000102a63eec chromedriver + 507628\n11  chromedriver                        0x0000000102a648c4 chromedriver + 510148\n12  chromedriver                        0x0000000102dde43c chromedriver + 4154428\n13  chromedriver                        0x0000000102de2ea0 chromedriver + 4173472\n14  chromedriver                        0x0000000102dc3ff8 chromedriver + 4046840\n15  chromedriver                        0x0000000102de378c chromedriver + 4175756\n16  chromedriver                        0x0000000102db6fb8 chromedriver + 3993528\n17  chromedriver                        0x0000000102e0121c chromedriver + 4297244\n18  chromedriver                        0x0000000102e01398 chromedriver + 4297624\n19  chromedriver                        0x0000000102e0ef84 chromedriver + 4353924\n20  libsystem_pthread.dylib             0x0000000199e86f94 _pthread_start + 136\n21  libsystem_pthread.dylib             0x0000000199e81d34 thread_start + 8", "trace": "self = <test_9_profile.TestProfile object at 0x1048a8fe0>\n\n    def test_check(self):\n        self.navigating_to_my_profile_page()\n        self.driver.execute_script(\"window.scrollTo(0, 1300);\")\n        self.page.find_clickable_certification()\n>       self.page.certification_clickable.click()\n\ntest_9_profile.py:158: \n_ _ _ _ _ _ _ _ _ _ _ _ _ _ _ _ _ _ _ _ _ _ _ _ _ _ _ _ _ _ _ _ _ _ _ _ _ _ _ _ \n/Library/Frameworks/Python.framework/Versions/3.12/lib/python3.12/site-packages/selenium/webdriver/remote/webelement.py:94: in click\n    self._execute(Command.CLICK_ELEMENT)\n/Library/Frameworks/Python.framework/Versions/3.12/lib/python3.12/site-packages/selenium/webdriver/remote/webelement.py:395: in _execute\n    return self._parent.execute(command, params)\n/Library/Frameworks/Python.framework/Versions/3.12/lib/python3.12/site-packages/selenium/webdriver/remote/webdriver.py:347: in execute\n    self.error_handler.check_response(response)\n_ _ _ _ _ _ _ _ _ _ _ _ _ _ _ _ _ _ _ _ _ _ _ _ _ _ _ _ _ _ _ _ _ _ _ _ _ _ _ _ \n\nself = <selenium.webdriver.remote.errorhandler.ErrorHandler object at 0x104697da0>\nresponse = {'status': 400, 'value': '{\"value\":{\"error\":\"element click intercepted\",\"message\":\"element click intercepted: Element ...000199e86f94 _pthread_start + 136\\\\n21  libsystem_pthread.dylib             0x0000000199e81d34 thread_start + 8\\\\n\"}}'}\n\n    def check_response(self, response: Dict[str, Any]) -> None:\n        \"\"\"Checks that a JSON response from the WebDriver does not have an\n        error.\n    \n        :Args:\n         - response - The JSON response from the WebDriver server as a dictionary\n           object.\n    \n        :Raises: If the response contains an error message.\n        \"\"\"\n        status = response.get(\"status\", None)\n        if not status or status == ErrorCode.SUCCESS:\n            return\n        value = None\n        message = response.get(\"message\", \"\")\n        screen: str = response.get(\"screen\", \"\")\n        stacktrace = None\n        if isinstance(status, int):\n            value_json = response.get(\"value\", None)\n            if value_json and isinstance(value_json, str):\n                import json\n    \n                try:\n                    value = json.loads(value_json)\n                    if len(value) == 1:\n                        value = value[\"value\"]\n                    status = value.get(\"error\", None)\n                    if not status:\n                        status = value.get(\"status\", ErrorCode.UNKNOWN_ERROR)\n                        message = value.get(\"value\") or value.get(\"message\")\n                        if not isinstance(message, str):\n                            value = message\n                            message = message.get(\"message\")\n                    else:\n                        message = value.get(\"message\", None)\n                except ValueError:\n                    pass\n    \n        exception_class: Type[WebDriverException]\n        e = ErrorCode()\n        error_codes = [item for item in dir(e) if not item.startswith(\"__\")]\n        for error_code in error_codes:\n            error_info = getattr(ErrorCode, error_code)\n            if isinstance(error_info, list) and status in error_info:\n                exception_class = getattr(ExceptionMapping, error_code, WebDriverException)\n                break\n        else:\n            exception_class = WebDriverException\n    \n        if not value:\n            value = response[\"value\"]\n        if isinstance(value, str):\n            raise exception_class(value)\n        if message == \"\" and \"message\" in value:\n            message = value[\"message\"]\n    \n        screen = None  # type: ignore[assignment]\n        if \"screen\" in value:\n            screen = value[\"screen\"]\n    \n        stacktrace = None\n        st_value = value.get(\"stackTrace\") or value.get(\"stacktrace\")\n        if st_value:\n            if isinstance(st_value, str):\n                stacktrace = st_value.split(\"\\n\")\n            else:\n                stacktrace = []\n                try:\n                    for frame in st_value:\n                        line = frame.get(\"lineNumber\", \"\")\n                        file = frame.get(\"fileName\", \"<anonymous>\")\n                        if line:\n                            file = f\"{file}:{line}\"\n                        meth = frame.get(\"methodName\", \"<anonymous>\")\n                        if \"className\" in frame:\n                            meth = f\"{frame['className']}.{meth}\"\n                        msg = \"    at %s (%s)\"\n                        msg = msg % (meth, file)\n                        stacktrace.append(msg)\n                except TypeError:\n                    pass\n        if exception_class == UnexpectedAlertPresentException:\n            alert_text = None\n            if \"data\" in value:\n                alert_text = value[\"data\"].get(\"text\")\n            elif \"alert\" in value:\n                alert_text = value[\"alert\"].get(\"text\")\n            raise exception_class(message, screen, stacktrace, alert_text)  # type: ignore[call-arg]  # mypy is not smart enough here\n>       raise exception_class(message, screen, stacktrace)\nE       selenium.common.exceptions.ElementClickInterceptedException: Message: element click intercepted: Element is not clickable at point (337, 1677)\nE         (Session info: chrome=126.0.6478.127)\nE       Stacktrace:\nE       0   chromedriver                        0x0000000102e16a80 chromedriver + 4385408\nE       1   chromedriver                        0x0000000102e0f38c chromedriver + 4354956\nE       2   chromedriver                        0x0000000102a2cb0c chromedriver + 281356\nE       3   chromedriver                        0x0000000102a74ce0 chromedriver + 576736\nE       4   chromedriver                        0x0000000102a73284 chromedriver + 569988\nE       5   chromedriver                        0x0000000102a71414 chromedriver + 562196\nE       6   chromedriver                        0x0000000102a705b0 chromedriver + 558512\nE       7   chromedriver                        0x0000000102a65cfc chromedriver + 515324\nE       8   chromedriver                        0x0000000102a65734 chromedriver + 513844\nE       9   chromedriver                        0x0000000102aa7d24 chromedriver + 785700\nE       10  chromedriver                        0x0000000102a63eec chromedriver + 507628\nE       11  chromedriver                        0x0000000102a648c4 chromedriver + 510148\nE       12  chromedriver                        0x0000000102dde43c chromedriver + 4154428\nE       13  chromedriver                        0x0000000102de2ea0 chromedriver + 4173472\nE       14  chromedriver                        0x0000000102dc3ff8 chromedriver + 4046840\nE       15  chromedriver                        0x0000000102de378c chromedriver + 4175756\nE       16  chromedriver                        0x0000000102db6fb8 chromedriver + 3993528\nE       17  chromedriver                        0x0000000102e0121c chromedriver + 4297244\nE       18  chromedriver                        0x0000000102e01398 chromedriver + 4297624\nE       19  chromedriver                        0x0000000102e0ef84 chromedriver + 4353924\nE       20  libsystem_pthread.dylib             0x0000000199e86f94 _pthread_start + 136\nE       21  libsystem_pthread.dylib             0x0000000199e81d34 thread_start + 8\n\n/Library/Frameworks/Python.framework/Versions/3.12/lib/python3.12/site-packages/selenium/webdriver/remote/errorhandler.py:229: ElementClickInterceptedException"}, "start": 1719957647492, "stop": 1719957659158, "uuid": "69732274-d50c-451d-9efe-405ece55ed6a", "historyId": "9a2955cca547cf3ae94965ba7e9216d3", "testCaseId": "9a2955cca547cf3ae94965ba7e9216d3", "fullName": "tests.test_9_profile.TestProfile#test_check", "labels": [{"name": "parentSuite", "value": "tests"}, {"name": "suite", "value": "test_9_profile"}, {"name": "subSuite", "value": "TestProfile"}, {"name": "host", "value": "Ismets-Air.home"}, {"name": "thread", "value": "57012-MainThread"}, {"name": "framework", "value": "pytest"}, {"name": "language", "value": "cpython3"}, {"name": "package", "value": "tests.test_9_profile"}]}