{"name": "test_check", "status": "broken", "statusDetails": {"message": "selenium.common.exceptions.JavascriptException: Message: javascript error: Cannot read properties of null (reading 'click')\n  (Session info: chrome=126.0.6478.127)\nStacktrace:\n0   chromedriver                        0x0000000100fa6a80 chromedriver + 4385408\n1   chromedriver                        0x0000000100f9f38c chromedriver + 4354956\n2   chromedriver                        0x0000000100bbcb0c chromedriver + 281356\n3   chromedriver                        0x0000000100bc0fd8 chromedriver + 298968\n4   chromedriver                        0x0000000100bc30b0 chromedriver + 307376\n5   chromedriver                        0x0000000100c38690 chromedriver + 788112\n6   chromedriver                        0x0000000100c37d24 chromedriver + 785700\n7   chromedriver                        0x0000000100bf3eec chromedriver + 507628\n8   chromedriver                        0x0000000100bf48c4 chromedriver + 510148\n9   chromedriver                        0x0000000100f6e43c chromedriver + 4154428\n10  chromedriver                        0x0000000100f72ea0 chromedriver + 4173472\n11  chromedriver                        0x0000000100f53ff8 chromedriver + 4046840\n12  chromedriver                        0x0000000100f7378c chromedriver + 4175756\n13  chromedriver                        0x0000000100f46fb8 chromedriver + 3993528\n14  chromedriver                        0x0000000100f9121c chromedriver + 4297244\n15  chromedriver                        0x0000000100f91398 chromedriver + 4297624\n16  chromedriver                        0x0000000100f9ef84 chromedriver + 4353924\n17  libsystem_pthread.dylib             0x0000000199e86f94 _pthread_start + 136\n18  libsystem_pthread.dylib             0x0000000199e81d34 thread_start + 8", "trace": "self = <test_9_profile.TestProfile object at 0x104742b40>\n\n    def test_check(self):\n        self.login()\n        self.driver.execute_script(\"window.scrollTo(0, 450);\")\n        sleep(1)\n        self.page.find_profile()\n        self.driver.execute_script(\"arguments[0].click()\", self.page.go_to_profile)\n        sleep(1)\n        self.page.find_qua()\n>       self.driver.execute_script(\"arguments[0].click()\", self.page.go_to_qua)\n\ntest_9_profile.py:124: \n_ _ _ _ _ _ _ _ _ _ _ _ _ _ _ _ _ _ _ _ _ _ _ _ _ _ _ _ _ _ _ _ _ _ _ _ _ _ _ _ \n/Library/Frameworks/Python.framework/Versions/3.12/lib/python3.12/site-packages/selenium/webdriver/remote/webdriver.py:407: in execute_script\n    return self.execute(command, {\"script\": script, \"args\": converted_args})[\"value\"]\n/Library/Frameworks/Python.framework/Versions/3.12/lib/python3.12/site-packages/selenium/webdriver/remote/webdriver.py:347: in execute\n    self.error_handler.check_response(response)\n_ _ _ _ _ _ _ _ _ _ _ _ _ _ _ _ _ _ _ _ _ _ _ _ _ _ _ _ _ _ _ _ _ _ _ _ _ _ _ _ \n\nself = <selenium.webdriver.remote.errorhandler.ErrorHandler object at 0x103709430>\nresponse = {'status': 500, 'value': '{\"value\":{\"error\":\"javascript error\",\"message\":\"javascript error: Cannot read properties of ...000199e86f94 _pthread_start + 136\\\\n18  libsystem_pthread.dylib             0x0000000199e81d34 thread_start + 8\\\\n\"}}'}\n\n    def check_response(self, response: Dict[str, Any]) -> None:\n        \"\"\"Checks that a JSON response from the WebDriver does not have an\n        error.\n    \n        :Args:\n         - response - The JSON response from the WebDriver server as a dictionary\n           object.\n    \n        :Raises: If the response contains an error message.\n        \"\"\"\n        status = response.get(\"status\", None)\n        if not status or status == ErrorCode.SUCCESS:\n            return\n        value = None\n        message = response.get(\"message\", \"\")\n        screen: str = response.get(\"screen\", \"\")\n        stacktrace = None\n        if isinstance(status, int):\n            value_json = response.get(\"value\", None)\n            if value_json and isinstance(value_json, str):\n                import json\n    \n                try:\n                    value = json.loads(value_json)\n                    if len(value) == 1:\n                        value = value[\"value\"]\n                    status = value.get(\"error\", None)\n                    if not status:\n                        status = value.get(\"status\", ErrorCode.UNKNOWN_ERROR)\n                        message = value.get(\"value\") or value.get(\"message\")\n                        if not isinstance(message, str):\n                            value = message\n                            message = message.get(\"message\")\n                    else:\n                        message = value.get(\"message\", None)\n                except ValueError:\n                    pass\n    \n        exception_class: Type[WebDriverException]\n        e = ErrorCode()\n        error_codes = [item for item in dir(e) if not item.startswith(\"__\")]\n        for error_code in error_codes:\n            error_info = getattr(ErrorCode, error_code)\n            if isinstance(error_info, list) and status in error_info:\n                exception_class = getattr(ExceptionMapping, error_code, WebDriverException)\n                break\n        else:\n            exception_class = WebDriverException\n    \n        if not value:\n            value = response[\"value\"]\n        if isinstance(value, str):\n            raise exception_class(value)\n        if message == \"\" and \"message\" in value:\n            message = value[\"message\"]\n    \n        screen = None  # type: ignore[assignment]\n        if \"screen\" in value:\n            screen = value[\"screen\"]\n    \n        stacktrace = None\n        st_value = value.get(\"stackTrace\") or value.get(\"stacktrace\")\n        if st_value:\n            if isinstance(st_value, str):\n                stacktrace = st_value.split(\"\\n\")\n            else:\n                stacktrace = []\n                try:\n                    for frame in st_value:\n                        line = frame.get(\"lineNumber\", \"\")\n                        file = frame.get(\"fileName\", \"<anonymous>\")\n                        if line:\n                            file = f\"{file}:{line}\"\n                        meth = frame.get(\"methodName\", \"<anonymous>\")\n                        if \"className\" in frame:\n                            meth = f\"{frame['className']}.{meth}\"\n                        msg = \"    at %s (%s)\"\n                        msg = msg % (meth, file)\n                        stacktrace.append(msg)\n                except TypeError:\n                    pass\n        if exception_class == UnexpectedAlertPresentException:\n            alert_text = None\n            if \"data\" in value:\n                alert_text = value[\"data\"].get(\"text\")\n            elif \"alert\" in value:\n                alert_text = value[\"alert\"].get(\"text\")\n            raise exception_class(message, screen, stacktrace, alert_text)  # type: ignore[call-arg]  # mypy is not smart enough here\n>       raise exception_class(message, screen, stacktrace)\nE       selenium.common.exceptions.JavascriptException: Message: javascript error: Cannot read properties of null (reading 'click')\nE         (Session info: chrome=126.0.6478.127)\nE       Stacktrace:\nE       0   chromedriver                        0x0000000100fa6a80 chromedriver + 4385408\nE       1   chromedriver                        0x0000000100f9f38c chromedriver + 4354956\nE       2   chromedriver                        0x0000000100bbcb0c chromedriver + 281356\nE       3   chromedriver                        0x0000000100bc0fd8 chromedriver + 298968\nE       4   chromedriver                        0x0000000100bc30b0 chromedriver + 307376\nE       5   chromedriver                        0x0000000100c38690 chromedriver + 788112\nE       6   chromedriver                        0x0000000100c37d24 chromedriver + 785700\nE       7   chromedriver                        0x0000000100bf3eec chromedriver + 507628\nE       8   chromedriver                        0x0000000100bf48c4 chromedriver + 510148\nE       9   chromedriver                        0x0000000100f6e43c chromedriver + 4154428\nE       10  chromedriver                        0x0000000100f72ea0 chromedriver + 4173472\nE       11  chromedriver                        0x0000000100f53ff8 chromedriver + 4046840\nE       12  chromedriver                        0x0000000100f7378c chromedriver + 4175756\nE       13  chromedriver                        0x0000000100f46fb8 chromedriver + 3993528\nE       14  chromedriver                        0x0000000100f9121c chromedriver + 4297244\nE       15  chromedriver                        0x0000000100f91398 chromedriver + 4297624\nE       16  chromedriver                        0x0000000100f9ef84 chromedriver + 4353924\nE       17  libsystem_pthread.dylib             0x0000000199e86f94 _pthread_start + 136\nE       18  libsystem_pthread.dylib             0x0000000199e81d34 thread_start + 8\n\n/Library/Frameworks/Python.framework/Versions/3.12/lib/python3.12/site-packages/selenium/webdriver/remote/errorhandler.py:229: JavascriptException"}, "start": 1719947179233, "stop": 1719947182580, "uuid": "92da4641-a606-425a-97f5-0f4e26251be6", "historyId": "9a2955cca547cf3ae94965ba7e9216d3", "testCaseId": "9a2955cca547cf3ae94965ba7e9216d3", "fullName": "tests.test_9_profile.TestProfile#test_check", "labels": [{"name": "parentSuite", "value": "tests"}, {"name": "suite", "value": "test_9_profile"}, {"name": "subSuite", "value": "TestProfile"}, {"name": "host", "value": "Ismets-Air.home"}, {"name": "thread", "value": "53085-MainThread"}, {"name": "framework", "value": "pytest"}, {"name": "language", "value": "cpython3"}, {"name": "package", "value": "tests.test_9_profile"}]}