{"name": "test_check", "status": "failed", "statusDetails": {"message": "AssertionError: assert None\n +  where None = <bound method WebDriver.execute_script of <selenium.webdriver.chrome.webdriver.WebDriver (session=\"0d353e4f4c6509f22df2dfc652749125\")>>('arguments[0].click();', <selenium.webdriver.remote.webelement.WebElement (session=\"0d353e4f4c6509f22df2dfc652749125\", element=\"f.DBF11A0C9AC720412EF6F17BC87263EE.d.14762BE0551F58C18E40DA94A0E2339E.e.77\")>)\n +    where <bound method WebDriver.execute_script of <selenium.webdriver.chrome.webdriver.WebDriver (session=\"0d353e4f4c6509f22df2dfc652749125\")>> = <selenium.webdriver.chrome.webdriver.WebDriver (session=\"0d353e4f4c6509f22df2dfc652749125\")>.execute_script\n +      where <selenium.webdriver.chrome.webdriver.WebDriver (session=\"0d353e4f4c6509f22df2dfc652749125\")> = <test_9_profile.TestProfile object at 0x10522ef90>.driver\n +    and   <selenium.webdriver.remote.webelement.WebElement (session=\"0d353e4f4c6509f22df2dfc652749125\", element=\"f.DBF11A0C9AC720412EF6F17BC87263EE.d.14762BE0551F58C18E40DA94A0E2339E.e.77\")> = <pages.page_9_profile.ProfilePage object at 0x103bd0860>.switch_checkbox_element\n +      where <pages.page_9_profile.ProfilePage object at 0x103bd0860> = <test_9_profile.TestProfile object at 0x10522ef90>.page", "trace": "self = <test_9_profile.TestProfile object at 0x10522ef90>\n\n    def test_check(self):\n        self.navigating_to_share_dropdown()\n        self.page.find_switch_checkbox_attribute_value()\n>       assert self.driver.execute_script(\"arguments[0].click();\", self.page.switch_checkbox_element)\nE       assert None\nE        +  where None = <bound method WebDriver.execute_script of <selenium.webdriver.chrome.webdriver.WebDriver (session=\"0d353e4f4c6509f22df2dfc652749125\")>>('arguments[0].click();', <selenium.webdriver.remote.webelement.WebElement (session=\"0d353e4f4c6509f22df2dfc652749125\", element=\"f.DBF11A0C9AC720412EF6F17BC87263EE.d.14762BE0551F58C18E40DA94A0E2339E.e.77\")>)\nE        +    where <bound method WebDriver.execute_script of <selenium.webdriver.chrome.webdriver.WebDriver (session=\"0d353e4f4c6509f22df2dfc652749125\")>> = <selenium.webdriver.chrome.webdriver.WebDriver (session=\"0d353e4f4c6509f22df2dfc652749125\")>.execute_script\nE        +      where <selenium.webdriver.chrome.webdriver.WebDriver (session=\"0d353e4f4c6509f22df2dfc652749125\")> = <test_9_profile.TestProfile object at 0x10522ef90>.driver\nE        +    and   <selenium.webdriver.remote.webelement.WebElement (session=\"0d353e4f4c6509f22df2dfc652749125\", element=\"f.DBF11A0C9AC720412EF6F17BC87263EE.d.14762BE0551F58C18E40DA94A0E2339E.e.77\")> = <pages.page_9_profile.ProfilePage object at 0x103bd0860>.switch_checkbox_element\nE        +      where <pages.page_9_profile.ProfilePage object at 0x103bd0860> = <test_9_profile.TestProfile object at 0x10522ef90>.page\n\ntest_9_profile.py:83: AssertionError"}, "start": 1719864255483, "stop": 1719864266634, "uuid": "68ef5325-4052-4767-90d2-157006e1a1b8", "historyId": "9a2955cca547cf3ae94965ba7e9216d3", "testCaseId": "9a2955cca547cf3ae94965ba7e9216d3", "fullName": "tests.test_9_profile.TestProfile#test_check", "labels": [{"name": "parentSuite", "value": "tests"}, {"name": "suite", "value": "test_9_profile"}, {"name": "subSuite", "value": "TestProfile"}, {"name": "host", "value": "Ismets-Air.home"}, {"name": "thread", "value": "47037-MainThread"}, {"name": "framework", "value": "pytest"}, {"name": "language", "value": "cpython3"}, {"name": "package", "value": "tests.test_9_profile"}]}