{"name": "test_completing_evaluation_module", "status": "broken", "statusDetails": {"message": "selenium.common.exceptions.TimeoutException: Message:", "trace": "self = <test_9_profile.TestProfile object at 0x102b31820>\n\n    def test_completing_evaluation_module(self):\n        self.navigating_to_evaluation_modul()\n        sleep(1)\n        Driver.screenshot(self.driver, \"../screenshots/screenshots_9_profile\", \"test_8_1_evaluation_modul.png\")\n>       self.click_on_radio_buttons()\n\ntest_9_profile.py:215: \n_ _ _ _ _ _ _ _ _ _ _ _ _ _ _ _ _ _ _ _ _ _ _ _ _ _ _ _ _ _ _ _ _ _ _ _ _ _ _ _ \ntest_9_profile.py:138: in click_on_radio_buttons\n    self.page.find_radio_buttons()\n../pages/page_9_profile.py:83: in find_radio_buttons\n    self.radio_buttons = Driver.multiple_wait(self.driver, By.CLASS_NAME, 'form-check-input mx-2')\n../utils/Driver.py:23: in multiple_wait\n    return WebDriverWait(driver, timeout).until(ec.visibility_of_all_elements_located((selector, element)))\n_ _ _ _ _ _ _ _ _ _ _ _ _ _ _ _ _ _ _ _ _ _ _ _ _ _ _ _ _ _ _ _ _ _ _ _ _ _ _ _ \n\nself = <selenium.webdriver.support.wait.WebDriverWait (session=\"66597c4caac6524ff334901864694fe0\")>\nmethod = <function visibility_of_all_elements_located.<locals>._predicate at 0x102b64040>\nmessage = ''\n\n    def until(self, method: Callable[[D], Union[Literal[False], T]], message: str = \"\") -> T:\n        \"\"\"Calls the method provided with the driver as an argument until the \\\n        return value does not evaluate to ``False``.\n    \n        :param method: callable(WebDriver)\n        :param message: optional message for :exc:`TimeoutException`\n        :returns: the result of the last call to `method`\n        :raises: :exc:`selenium.common.exceptions.TimeoutException` if timeout occurs\n        \"\"\"\n        screen = None\n        stacktrace = None\n    \n        end_time = time.monotonic() + self._timeout\n        while True:\n            try:\n                value = method(self._driver)\n                if value:\n                    return value\n            except self._ignored_exceptions as exc:\n                screen = getattr(exc, \"screen\", None)\n                stacktrace = getattr(exc, \"stacktrace\", None)\n            time.sleep(self._poll)\n            if time.monotonic() > end_time:\n                break\n>       raise TimeoutException(message, screen, stacktrace)\nE       selenium.common.exceptions.TimeoutException: Message:\n\n/Library/Frameworks/Python.framework/Versions/3.12/lib/python3.12/site-packages/selenium/webdriver/support/wait.py:105: TimeoutException"}, "attachments": [{"name": "stdout", "source": "171377d3-3061-4377-9137-1ae5ff4da34e-attachment.txt", "type": "text/plain"}], "start": 1719967909469, "stop": 1719967971737, "uuid": "cd4e4d98-24a8-41f1-b54d-9ce89a833516", "historyId": "0ac59c9bb615f2d9880188788fd8a35e", "testCaseId": "0ac59c9bb615f2d9880188788fd8a35e", "fullName": "tests.test_9_profile.TestProfile#test_completing_evaluation_module", "labels": [{"name": "parentSuite", "value": "tests"}, {"name": "suite", "value": "test_9_profile"}, {"name": "subSuite", "value": "TestProfile"}, {"name": "host", "value": "Ismets-Air.home"}, {"name": "thread", "value": "62513-MainThread"}, {"name": "framework", "value": "pytest"}, {"name": "language", "value": "cpython3"}, {"name": "package", "value": "tests.test_9_profile"}]}