{"name": "test_share_switch_button_function", "status": "broken", "statusDetails": {"message": "selenium.common.exceptions.TimeoutException: Message: \nStacktrace:\n0   chromedriver                        0x00000001026b2a80 chromedriver + 4385408\n1   chromedriver                        0x00000001026ab38c chromedriver + 4354956\n2   chromedriver                        0x00000001022c8b0c chromedriver + 281356\n3   chromedriver                        0x000000010230b2f8 chromedriver + 553720\n4   chromedriver                        0x0000000102343d24 chromedriver + 785700\n5   chromedriver                        0x00000001022ffeec chromedriver + 507628\n6   chromedriver                        0x00000001023008c4 chromedriver + 510148\n7   chromedriver                        0x000000010267a43c chromedriver + 4154428\n8   chromedriver                        0x000000010267eea0 chromedriver + 4173472\n9   chromedriver                        0x000000010265fff8 chromedriver + 4046840\n10  chromedriver                        0x000000010267f78c chromedriver + 4175756\n11  chromedriver                        0x0000000102652fb8 chromedriver + 3993528\n12  chromedriver                        0x000000010269d21c chromedriver + 4297244\n13  chromedriver                        0x000000010269d398 chromedriver + 4297624\n14  chromedriver                        0x00000001026aaf84 chromedriver + 4353924\n15  libsystem_pthread.dylib             0x0000000199e86f94 _pthread_start + 136\n16  libsystem_pthread.dylib             0x0000000199e81d34 thread_start + 8", "trace": "self = <test_9_profile.TestProfile object at 0x102732cf0>\n\n    @pytest.mark.switch_1\n    def test_share_switch_button_function(self):\n        self.deactivate_switch_button_as_default()  # checks and turns off button\n>       self.click_share_switch_button()\n\ntest_9_profile.py:71: \n_ _ _ _ _ _ _ _ _ _ _ _ _ _ _ _ _ _ _ _ _ _ _ _ _ _ _ _ _ _ _ _ _ _ _ _ _ _ _ _ \ntest_9_profile.py:41: in click_share_switch_button\n    self.navigating_to_share_dropdown()\ntest_9_profile.py:35: in navigating_to_share_dropdown\n    self.navigating_to_my_profile_page()\ntest_9_profile.py:29: in navigating_to_my_profile_page\n    self.login()\ntest_9_profile.py:22: in login\n    self.page.login_info()\n../pages/page_9_profile.py:23: in login_info\n    self.user_name = Driver.wait(self.driver, By.XPATH, \"//input[@name=\\\"email\\\"]\")\n../utils/Driver.py:14: in wait\n    return WebDriverWait(driver, timeout).until(ec.visibility_of_element_located((selector, element)))\n_ _ _ _ _ _ _ _ _ _ _ _ _ _ _ _ _ _ _ _ _ _ _ _ _ _ _ _ _ _ _ _ _ _ _ _ _ _ _ _ \n\nself = <selenium.webdriver.support.wait.WebDriverWait (session=\"f8e43016c5e1354f75810b0dba406659\")>\nmethod = <function visibility_of_element_located.<locals>._predicate at 0x102767740>\nmessage = ''\n\n    def until(self, method: Callable[[D], Union[Literal[False], T]], message: str = \"\") -> T:\n        \"\"\"Calls the method provided with the driver as an argument until the \\\n        return value does not evaluate to ``False``.\n    \n        :param method: callable(WebDriver)\n        :param message: optional message for :exc:`TimeoutException`\n        :returns: the result of the last call to `method`\n        :raises: :exc:`selenium.common.exceptions.TimeoutException` if timeout occurs\n        \"\"\"\n        screen = None\n        stacktrace = None\n    \n        end_time = time.monotonic() + self._timeout\n        while True:\n            try:\n                value = method(self._driver)\n                if value:\n                    return value\n            except self._ignored_exceptions as exc:\n                screen = getattr(exc, \"screen\", None)\n                stacktrace = getattr(exc, \"stacktrace\", None)\n            time.sleep(self._poll)\n            if time.monotonic() > end_time:\n                break\n>       raise TimeoutException(message, screen, stacktrace)\nE       selenium.common.exceptions.TimeoutException: Message: \nE       Stacktrace:\nE       0   chromedriver                        0x00000001026b2a80 chromedriver + 4385408\nE       1   chromedriver                        0x00000001026ab38c chromedriver + 4354956\nE       2   chromedriver                        0x00000001022c8b0c chromedriver + 281356\nE       3   chromedriver                        0x000000010230b2f8 chromedriver + 553720\nE       4   chromedriver                        0x0000000102343d24 chromedriver + 785700\nE       5   chromedriver                        0x00000001022ffeec chromedriver + 507628\nE       6   chromedriver                        0x00000001023008c4 chromedriver + 510148\nE       7   chromedriver                        0x000000010267a43c chromedriver + 4154428\nE       8   chromedriver                        0x000000010267eea0 chromedriver + 4173472\nE       9   chromedriver                        0x000000010265fff8 chromedriver + 4046840\nE       10  chromedriver                        0x000000010267f78c chromedriver + 4175756\nE       11  chromedriver                        0x0000000102652fb8 chromedriver + 3993528\nE       12  chromedriver                        0x000000010269d21c chromedriver + 4297244\nE       13  chromedriver                        0x000000010269d398 chromedriver + 4297624\nE       14  chromedriver                        0x00000001026aaf84 chromedriver + 4353924\nE       15  libsystem_pthread.dylib             0x0000000199e86f94 _pthread_start + 136\nE       16  libsystem_pthread.dylib             0x0000000199e81d34 thread_start + 8\n\n/Library/Frameworks/Python.framework/Versions/3.12/lib/python3.12/site-packages/selenium/webdriver/support/wait.py:105: TimeoutException"}, "start": 1719863273954, "stop": 1719863306655, "uuid": "3732f529-96b0-4eda-b99f-81913d948490", "historyId": "f8897b5143bf209e4be815e2ce810988", "testCaseId": "f8897b5143bf209e4be815e2ce810988", "fullName": "tests.test_9_profile.TestProfile#test_share_switch_button_function", "labels": [{"name": "tag", "value": "switch_1"}, {"name": "parentSuite", "value": "tests"}, {"name": "suite", "value": "test_9_profile"}, {"name": "subSuite", "value": "TestProfile"}, {"name": "host", "value": "Ismets-Air.home"}, {"name": "thread", "value": "46331-MainThread"}, {"name": "framework", "value": "pytest"}, {"name": "language", "value": "cpython3"}, {"name": "package", "value": "tests.test_9_profile"}]}