{"name": "test_shared_profile", "status": "broken", "statusDetails": {"message": "selenium.common.exceptions.TimeoutException: Message: \nStacktrace:\n0   chromedriver                        0x0000000101282a80 chromedriver + 4385408\n1   chromedriver                        0x000000010127b38c chromedriver + 4354956\n2   chromedriver                        0x0000000100e98b0c chromedriver + 281356\n3   chromedriver                        0x0000000100edb2f8 chromedriver + 553720\n4   chromedriver                        0x0000000100f13d24 chromedriver + 785700\n5   chromedriver                        0x0000000100ecfeec chromedriver + 507628\n6   chromedriver                        0x0000000100ed08c4 chromedriver + 510148\n7   chromedriver                        0x000000010124a43c chromedriver + 4154428\n8   chromedriver                        0x000000010124eea0 chromedriver + 4173472\n9   chromedriver                        0x000000010122fff8 chromedriver + 4046840\n10  chromedriver                        0x000000010124f78c chromedriver + 4175756\n11  chromedriver                        0x0000000101222fb8 chromedriver + 3993528\n12  chromedriver                        0x000000010126d21c chromedriver + 4297244\n13  chromedriver                        0x000000010126d398 chromedriver + 4297624\n14  chromedriver                        0x000000010127af84 chromedriver + 4353924\n15  libsystem_pthread.dylib             0x0000000199e86f94 _pthread_start + 136\n16  libsystem_pthread.dylib             0x0000000199e81d34 thread_start + 8", "trace": "self = <test_9_profile.TestProfile object at 0x1022e03e0>\n\n    @pytest.mark.navigating_3\n    def test_shared_profile(self):\n        self.navigating_to_share_dropdown()\n>       self.url_copy_icon()\n\ntest_9_profile.py:125: \n_ _ _ _ _ _ _ _ _ _ _ _ _ _ _ _ _ _ _ _ _ _ _ _ _ _ _ _ _ _ _ _ _ _ _ _ _ _ _ _ \ntest_9_profile.py:83: in url_copy_icon\n    self.navigating_to_share_dropdown()\ntest_9_profile.py:63: in navigating_to_share_dropdown\n    self.navigating_to_my_profile_page()\ntest_9_profile.py:57: in navigating_to_my_profile_page\n    self.login()\ntest_9_profile.py:25: in login\n    self.page.login_info()\n../pages/page_9_profile.py:24: in login_info\n    self.user_name = Driver.wait(self.driver, By.XPATH, \"//input[@name=\\\"email\\\"]\")\n../utils/Driver.py:14: in wait\n    return WebDriverWait(driver, timeout).until(ec.visibility_of_element_located((selector, element)))\n_ _ _ _ _ _ _ _ _ _ _ _ _ _ _ _ _ _ _ _ _ _ _ _ _ _ _ _ _ _ _ _ _ _ _ _ _ _ _ _ \n\nself = <selenium.webdriver.support.wait.WebDriverWait (session=\"5ae36e0b6ad1a8a9901a1d57c747d7c6\")>\nmethod = <function visibility_of_element_located.<locals>._predicate at 0x1022f3b00>\nmessage = ''\n\n    def until(self, method: Callable[[D], Union[Literal[False], T]], message: str = \"\") -> T:\n        \"\"\"Calls the method provided with the driver as an argument until the \\\n        return value does not evaluate to ``False``.\n    \n        :param method: callable(WebDriver)\n        :param message: optional message for :exc:`TimeoutException`\n        :returns: the result of the last call to `method`\n        :raises: :exc:`selenium.common.exceptions.TimeoutException` if timeout occurs\n        \"\"\"\n        screen = None\n        stacktrace = None\n    \n        end_time = time.monotonic() + self._timeout\n        while True:\n            try:\n                value = method(self._driver)\n                if value:\n                    return value\n            except self._ignored_exceptions as exc:\n                screen = getattr(exc, \"screen\", None)\n                stacktrace = getattr(exc, \"stacktrace\", None)\n            time.sleep(self._poll)\n            if time.monotonic() > end_time:\n                break\n>       raise TimeoutException(message, screen, stacktrace)\nE       selenium.common.exceptions.TimeoutException: Message: \nE       Stacktrace:\nE       0   chromedriver                        0x0000000101282a80 chromedriver + 4385408\nE       1   chromedriver                        0x000000010127b38c chromedriver + 4354956\nE       2   chromedriver                        0x0000000100e98b0c chromedriver + 281356\nE       3   chromedriver                        0x0000000100edb2f8 chromedriver + 553720\nE       4   chromedriver                        0x0000000100f13d24 chromedriver + 785700\nE       5   chromedriver                        0x0000000100ecfeec chromedriver + 507628\nE       6   chromedriver                        0x0000000100ed08c4 chromedriver + 510148\nE       7   chromedriver                        0x000000010124a43c chromedriver + 4154428\nE       8   chromedriver                        0x000000010124eea0 chromedriver + 4173472\nE       9   chromedriver                        0x000000010122fff8 chromedriver + 4046840\nE       10  chromedriver                        0x000000010124f78c chromedriver + 4175756\nE       11  chromedriver                        0x0000000101222fb8 chromedriver + 3993528\nE       12  chromedriver                        0x000000010126d21c chromedriver + 4297244\nE       13  chromedriver                        0x000000010126d398 chromedriver + 4297624\nE       14  chromedriver                        0x000000010127af84 chromedriver + 4353924\nE       15  libsystem_pthread.dylib             0x0000000199e86f94 _pthread_start + 136\nE       16  libsystem_pthread.dylib             0x0000000199e81d34 thread_start + 8\n\n/Library/Frameworks/Python.framework/Versions/3.12/lib/python3.12/site-packages/selenium/webdriver/support/wait.py:105: TimeoutException"}, "start": 1719953771084, "stop": 1719953814184, "uuid": "73a78bd7-aaec-4878-b0d4-aaad537b90e4", "historyId": "24733367d79c4d67f51972496736a532", "testCaseId": "24733367d79c4d67f51972496736a532", "fullName": "tests.test_9_profile.TestProfile#test_shared_profile", "labels": [{"name": "tag", "value": "navigating_3"}, {"name": "parentSuite", "value": "tests"}, {"name": "suite", "value": "test_9_profile"}, {"name": "subSuite", "value": "TestProfile"}, {"name": "host", "value": "Ismets-Air.home"}, {"name": "thread", "value": "55292-MainThread"}, {"name": "framework", "value": "pytest"}, {"name": "language", "value": "cpython3"}, {"name": "package", "value": "tests.test_9_profile"}]}