{"name": "test_delete_skills", "status": "broken", "statusDetails": {"message": "selenium.common.exceptions.TimeoutException: Message: \nStacktrace:\n\tGetHandleVerifier [0x00007FF63C6EEEA2+31554]\n\t(No symbol) [0x00007FF63C667ED9]\n\t(No symbol) [0x00007FF63C52872A]\n\t(No symbol) [0x00007FF63C578434]\n\t(No symbol) [0x00007FF63C57853C]\n\t(No symbol) [0x00007FF63C5BF6A7]\n\t(No symbol) [0x00007FF63C59D06F]\n\t(No symbol) [0x00007FF63C5BC977]\n\t(No symbol) [0x00007FF63C59CDD3]\n\t(No symbol) [0x00007FF63C56A33B]\n\t(No symbol) [0x00007FF63C56AED1]\n\tGetHandleVerifier [0x00007FF63C9F8B1D+3217341]\n\tGetHandleVerifier [0x00007FF63CA45AE3+3532675]\n\tGetHandleVerifier [0x00007FF63CA3B0E0+3489152]\n\tGetHandleVerifier [0x00007FF63C79E776+750614]\n\t(No symbol) [0x00007FF63C67375F]\n\t(No symbol) [0x00007FF63C66EB14]\n\t(No symbol) [0x00007FF63C66ECA2]\n\t(No symbol) [0x00007FF63C65E16F]\n\tBaseThreadInitThunk [0x00007FF83D13257D+29]\n\tRtlUserThreadStart [0x00007FF83E10AF28+40]", "trace": "self = <test_16_skills.TestSkills object at 0x000001D827CE6C60>\n\n    def test_delete_skills(self):\n        self.page.login(const.valid_user_name, const.valid_password)\n        WebDriverWait(self.driver, 20).until(EC.url_changes(const.loginURL))\n        self.page.skills()\n        self.page.delete_skills()\n        sleep(3)\n>       self.page.operationResult()\n\ntest_16_skills.py:49: \n_ _ _ _ _ _ _ _ _ _ _ _ _ _ _ _ _ _ _ _ _ _ _ _ _ _ _ _ _ _ _ _ _ _ _ _ _ _ _ _ _ _ _ _ _ _ _ _ _ _ _ _ _ _ _ _ _ _ _ _ _ _ _ _ _ _ _ _ _ _ _ _ _ _ _ _ _ _ _ _ _ _ _ _ _ _ _ _ _ _\n..\\pages\\page_16_skills.py:42: in operationResult\n    self.toast_message = Driver.wait(self.driver, By.XPATH, \"//div[@class='toast-body']\").text\n..\\utils\\Driver.py:14: in wait\n    return WebDriverWait(driver, timeout).until(ec.visibility_of_element_located((selector, element)))\n_ _ _ _ _ _ _ _ _ _ _ _ _ _ _ _ _ _ _ _ _ _ _ _ _ _ _ _ _ _ _ _ _ _ _ _ _ _ _ _ _ _ _ _ _ _ _ _ _ _ _ _ _ _ _ _ _ _ _ _ _ _ _ _ _ _ _ _ _ _ _ _ _ _ _ _ _ _ _ _ _ _ _ _ _ _ _ _ _ _\n\nself = <selenium.webdriver.support.wait.WebDriverWait (session=\"4fc4ecb9af2486b339dcdcdb0f005d9c\")>\nmethod = <function visibility_of_element_located.<locals>._predicate at 0x000001D8248C65C0>, message = ''\n\n    def until(self, method: Callable[[D], Union[Literal[False], T]], message: str = \"\") -> T:\n        \"\"\"Calls the method provided with the driver as an argument until the \\\n        return value does not evaluate to ``False``.\n    \n        :param method: callable(WebDriver)\n        :param message: optional message for :exc:`TimeoutException`\n        :returns: the result of the last call to `method`\n        :raises: :exc:`selenium.common.exceptions.TimeoutException` if timeout occurs\n        \"\"\"\n        screen = None\n        stacktrace = None\n    \n        end_time = time.monotonic() + self._timeout\n        while True:\n            try:\n                value = method(self._driver)\n                if value:\n                    return value\n            except self._ignored_exceptions as exc:\n                screen = getattr(exc, \"screen\", None)\n                stacktrace = getattr(exc, \"stacktrace\", None)\n            time.sleep(self._poll)\n            if time.monotonic() > end_time:\n                break\n>       raise TimeoutException(message, screen, stacktrace)\nE       selenium.common.exceptions.TimeoutException: Message: \nE       Stacktrace:\nE       \tGetHandleVerifier [0x00007FF63C6EEEA2+31554]\nE       \t(No symbol) [0x00007FF63C667ED9]\nE       \t(No symbol) [0x00007FF63C52872A]\nE       \t(No symbol) [0x00007FF63C578434]\nE       \t(No symbol) [0x00007FF63C57853C]\nE       \t(No symbol) [0x00007FF63C5BF6A7]\nE       \t(No symbol) [0x00007FF63C59D06F]\nE       \t(No symbol) [0x00007FF63C5BC977]\nE       \t(No symbol) [0x00007FF63C59CDD3]\nE       \t(No symbol) [0x00007FF63C56A33B]\nE       \t(No symbol) [0x00007FF63C56AED1]\nE       \tGetHandleVerifier [0x00007FF63C9F8B1D+3217341]\nE       \tGetHandleVerifier [0x00007FF63CA45AE3+3532675]\nE       \tGetHandleVerifier [0x00007FF63CA3B0E0+3489152]\nE       \tGetHandleVerifier [0x00007FF63C79E776+750614]\nE       \t(No symbol) [0x00007FF63C67375F]\nE       \t(No symbol) [0x00007FF63C66EB14]\nE       \t(No symbol) [0x00007FF63C66ECA2]\nE       \t(No symbol) [0x00007FF63C65E16F]\nE       \tBaseThreadInitThunk [0x00007FF83D13257D+29]\nE       \tRtlUserThreadStart [0x00007FF83E10AF28+40]\n\n..\\..\\pomTestCases\\.venv\\Lib\\site-packages\\selenium\\webdriver\\support\\wait.py:105: TimeoutException"}, "start": 1720093662214, "stop": 1720093734403, "uuid": "95a26e31-2a81-473b-ad52-9a2d94f4790c", "historyId": "7252e813505f4888599c3ab7dd733415", "testCaseId": "7252e813505f4888599c3ab7dd733415", "fullName": "tests.test_16_skills.TestSkills#test_delete_skills", "labels": [{"name": "parentSuite", "value": "tests"}, {"name": "suite", "value": "test_16_skills"}, {"name": "subSuite", "value": "TestSkills"}, {"name": "host", "value": "Ã¶mer"}, {"name": "thread", "value": "2656-MainThread"}, {"name": "framework", "value": "pytest"}, {"name": "language", "value": "cpython3"}, {"name": "package", "value": "tests.test_16_skills"}]}